# epoch       lr            err_trn...    err_tst...    
0             0.001         0.7465    0.3314    1.3426    0.3373   
10            0.001         0.7463    0.3314    1.3432    0.3373   
20            0.001         0.7464    0.3314    1.3432    0.3373   
30            0.001         0.7463    0.3314    1.3433    0.3373   
40            0.001         0.7463    0.3314    1.3431    0.3373   
50            0.001         0.7464    0.3314    1.3432    0.3373   
60            0.001         0.7464    0.3314    1.3431    0.3373   
70            0.00095       0.7033    0.0927    1.3467    0.2790   
80            0.00095       0.6983    0.0612    1.3155    0.0660   
90            0.00095       0.6904    0.0504    1.3085    0.0457   
100           0.00095       0.6851    0.0465    1.3040    0.0399   
110           0.00095       0.6831    0.0420    1.3021    0.0365   
120           0.00095       0.6827    0.0396    1.3008    0.0342   
130           0.00095       0.6851    0.0377    1.3002    0.0325   
140           0.00095       0.6819    0.0374    1.2996    0.0306   
150           0.00095       0.6809    0.0350    1.2997    0.0293   
160           0.00095       0.6835    0.0338    1.2995    0.0280   
170           0.00095       0.6836    0.0331    1.2989    0.0270   
180           0.00095       0.6811    0.0331    1.2988    0.0261   
190           0.00095       0.6805    0.0317    1.2983    0.0252   
