===== SUMMARY =====
REANN Package used for fitting energy and tensorial Property v220419B
IS_DISTRIBUTED False
[init] == local rank: 0, global rank: 0 ==


===== DATA STATISTICS =====
convert data to tensor...

--- auto data reader ---
System Cu4 Batchsize 32
  subsystem: frames.xyz number 512
    ntrain: 448 ntest: 64 ntotal: 512
  Current Dataset -> ntrain: 448 ntest: 64

System Cu8 Batchsize 32
  subsystem: frames.xyz number 512
    ntrain: 448 ntest: 64 ntotal: 512
  Current Dataset -> ntrain: 896 ntest: 128

convert trainset...
convert testset...
neighbour calculation time cost: 11.92
Numbers Train 896 Test 128
Use CUDA optimised DataLoader
Number of batches at Rank 0: Train 28 Test 4

===== INPUT PARAMS =====
--- Task ---
Start Table: 1

--- Target System ---
TargetSystem(atomic_types=['Cu'], max_nneighs=150, cutoff=6.0)
--- Representation ---
Representation(nangular=4, nradial=8, norbit=64, rshift=[], eta=[], orbital_network=NeuronArchitecture(neurons=[64, 32, 16], dropout_probs=[0.0, 0.0], actfun_name='Relu_like', table_norm=False, nblock=1, nrepeat=0), morsepot_base=None)
--- Atomic Network ---
NeuronArchitecture(neurons=[64, 256, 128, 64, 32], dropout_probs=[0.0, 0.0, 0.0, 0.0], actfun_name='Softplus', table_norm=False, nblock=1, nrepeat=1)
--- Dataset Config ---
DatasetConfig(table_coor=0, style='auto', systems=['/users/40247882/repository/GDPy/examples/potential/trainer/eann/m0/dataset/Cu4', '/users/40247882/repository/GDPy/examples/potential/trainer/eann/m0/dataset/Cu8'], ratio=0.9, batchsize=32, queuesize=64, batchsizes=[32, 32])
--- Learning Config ---
LearningConfig(start_lr=0.001, end_lr=1e-06, decay_factor=0.95, epoch=200, test_epoch=10, print_batch=50, patience_epoch=5, loss_function='atomic', e_ceff=1.0, init_f=5.0, final_f=0.5, re_ceff=0.0, ema_decay=0.99, frozen_params=[])

No params were frozen...
Enable EMA with decay 0.99...

===== START OPTIMISATION @ 2022-10-16-15_25_54 =====
--- TRAIN ---
Epoch 0        Batch [       0/27      ] Size       32 TotalTime 0.0612 
--- TEST ---
Epoch 0        Batch [       0/3       ] Size       32 TotalTime 0.5134 
Epoch 0        TrainTime 0.4985 TestTime 0.0466
--- TRAIN ---
Epoch 1        Batch [       0/27      ] Size       32 TotalTime 0.0152 
Epoch 1        TrainTime 0.4359 
--- TRAIN ---
Epoch 2        Batch [       0/27      ] Size       32 TotalTime 0.0149 
Epoch 2        TrainTime 0.3960 
--- TRAIN ---
Epoch 3        Batch [       0/27      ] Size       32 TotalTime 0.0149 
Epoch 3        TrainTime 0.4016 
--- TRAIN ---
Epoch 4        Batch [       0/27      ] Size       32 TotalTime 0.0151 
Epoch 4        TrainTime 0.4055 
--- TRAIN ---
Epoch 5        Batch [       0/27      ] Size       32 TotalTime 0.0152 
Epoch 5        TrainTime 0.4033 
--- TRAIN ---
Epoch 6        Batch [       0/27      ] Size       32 TotalTime 0.0137 
Epoch 6        TrainTime 0.3958 
--- TRAIN ---
Epoch 7        Batch [       0/27      ] Size       32 TotalTime 0.0135 
Epoch 7        TrainTime 0.4016 
--- TRAIN ---
Epoch 8        Batch [       0/27      ] Size       32 TotalTime 0.0152 
Epoch 8        TrainTime 0.4043 
--- TRAIN ---
Epoch 9        Batch [       0/27      ] Size       32 TotalTime 0.0152 
Epoch 9        TrainTime 0.3999 
--- TRAIN ---
Epoch 10       Batch [       0/27      ] Size       32 TotalTime 0.0150 
--- TEST ---
Epoch 10       Batch [       0/3       ] Size       32 TotalTime 0.4105 
Epoch 10       TrainTime 0.3954 TestTime 0.0479
--- TRAIN ---
Epoch 11       Batch [       0/27      ] Size       32 TotalTime 0.0150 
Epoch 11       TrainTime 0.4428 
--- TRAIN ---
Epoch 12       Batch [       0/27      ] Size       32 TotalTime 0.0149 
Epoch 12       TrainTime 0.3946 
--- TRAIN ---
Epoch 13       Batch [       0/27      ] Size       32 TotalTime 0.0135 
Epoch 13       TrainTime 0.3946 
--- TRAIN ---
Epoch 14       Batch [       0/27      ] Size       32 TotalTime 0.0149 
Epoch 14       TrainTime 0.3949 
--- TRAIN ---
Epoch 15       Batch [       0/27      ] Size       32 TotalTime 0.0135 
Epoch 15       TrainTime 0.3951 
--- TRAIN ---
Epoch 16       Batch [       0/27      ] Size       32 TotalTime 0.0149 
Epoch 16       TrainTime 0.3946 
--- TRAIN ---
Epoch 17       Batch [       0/27      ] Size       32 TotalTime 0.0135 
Epoch 17       TrainTime 0.3968 
--- TRAIN ---
Epoch 18       Batch [       0/27      ] Size       32 TotalTime 0.0152 
Epoch 18       TrainTime 0.3990 
--- TRAIN ---
Epoch 19       Batch [       0/27      ] Size       32 TotalTime 0.0152 
Epoch 19       TrainTime 0.4042 
--- TRAIN ---
Epoch 20       Batch [       0/27      ] Size       32 TotalTime 0.0138 
--- TEST ---
Epoch 20       Batch [       0/3       ] Size       32 TotalTime 0.4165 
Epoch 20       TrainTime 0.4019 TestTime 0.0474
--- TRAIN ---
Epoch 21       Batch [       0/27      ] Size       32 TotalTime 0.0152 
Epoch 21       TrainTime 0.4416 
--- TRAIN ---
Epoch 22       Batch [       0/27      ] Size       32 TotalTime 0.0148 
Epoch 22       TrainTime 0.3946 
--- TRAIN ---
Epoch 23       Batch [       0/27      ] Size       32 TotalTime 0.0134 
Epoch 23       TrainTime 0.3946 
--- TRAIN ---
Epoch 24       Batch [       0/27      ] Size       32 TotalTime 0.0149 
Epoch 24       TrainTime 0.3946 
--- TRAIN ---
Epoch 25       Batch [       0/27      ] Size       32 TotalTime 0.0135 
Epoch 25       TrainTime 0.3943 
--- TRAIN ---
Epoch 26       Batch [       0/27      ] Size       32 TotalTime 0.0149 
Epoch 26       TrainTime 0.3945 
--- TRAIN ---
Epoch 27       Batch [       0/27      ] Size       32 TotalTime 0.0137 
Epoch 27       TrainTime 0.3951 
--- TRAIN ---
Epoch 28       Batch [       0/27      ] Size       32 TotalTime 0.0135 
Epoch 28       TrainTime 0.3951 
--- TRAIN ---
Epoch 29       Batch [       0/27      ] Size       32 TotalTime 0.0135 
Epoch 29       TrainTime 0.3996 
--- TRAIN ---
Epoch 30       Batch [       0/27      ] Size       32 TotalTime 0.0151 
--- TEST ---
Epoch 30       Batch [       0/3       ] Size       32 TotalTime 0.4211 
Epoch 30       TrainTime 0.4056 TestTime 0.0478
--- TRAIN ---
Epoch 31       Batch [       0/27      ] Size       32 TotalTime 0.0139 
Epoch 31       TrainTime 0.4476 
--- TRAIN ---
Epoch 32       Batch [       0/27      ] Size       32 TotalTime 0.0148 
Epoch 32       TrainTime 0.3944 
--- TRAIN ---
Epoch 33       Batch [       0/27      ] Size       32 TotalTime 0.0135 
Epoch 33       TrainTime 0.3949 
--- TRAIN ---
Epoch 34       Batch [       0/27      ] Size       32 TotalTime 0.0149 
Epoch 34       TrainTime 0.3946 
--- TRAIN ---
Epoch 35       Batch [       0/27      ] Size       32 TotalTime 0.0149 
Epoch 35       TrainTime 0.3943 
--- TRAIN ---
Epoch 36       Batch [       0/27      ] Size       32 TotalTime 0.0149 
Epoch 36       TrainTime 0.3945 
--- TRAIN ---
Epoch 37       Batch [       0/27      ] Size       32 TotalTime 0.0134 
Epoch 37       TrainTime 0.3947 
--- TRAIN ---
Epoch 38       Batch [       0/27      ] Size       32 TotalTime 0.0149 
Epoch 38       TrainTime 0.3941 
--- TRAIN ---
Epoch 39       Batch [       0/27      ] Size       32 TotalTime 0.0147 
Epoch 39       TrainTime 0.3936 
--- TRAIN ---
Epoch 40       Batch [       0/27      ] Size       32 TotalTime 0.0149 
--- TEST ---
Epoch 40       Batch [       0/3       ] Size       32 TotalTime 0.4082 
Epoch 40       TrainTime 0.3938 TestTime 0.0469
--- TRAIN ---
Epoch 41       Batch [       0/27      ] Size       32 TotalTime 0.0135 
Epoch 41       TrainTime 0.4427 
--- TRAIN ---
Epoch 42       Batch [       0/27      ] Size       32 TotalTime 0.0134 
Epoch 42       TrainTime 0.3946 
--- TRAIN ---
Epoch 43       Batch [       0/27      ] Size       32 TotalTime 0.0134 
Epoch 43       TrainTime 0.3939 
--- TRAIN ---
Epoch 44       Batch [       0/27      ] Size       32 TotalTime 0.0149 
Epoch 44       TrainTime 0.3943 
--- TRAIN ---
Epoch 45       Batch [       0/27      ] Size       32 TotalTime 0.0148 
Epoch 45       TrainTime 0.3942 
--- TRAIN ---
Epoch 46       Batch [       0/27      ] Size       32 TotalTime 0.0134 
Epoch 46       TrainTime 0.3960 
--- TRAIN ---
Epoch 47       Batch [       0/27      ] Size       32 TotalTime 0.0139 
Epoch 47       TrainTime 0.4025 
--- TRAIN ---
Epoch 48       Batch [       0/27      ] Size       32 TotalTime 0.0151 
Epoch 48       TrainTime 0.4011 
--- TRAIN ---
Epoch 49       Batch [       0/27      ] Size       32 TotalTime 0.0137 
Epoch 49       TrainTime 0.3982 
--- TRAIN ---
Epoch 50       Batch [       0/27      ] Size       32 TotalTime 0.0149 
--- TEST ---
Epoch 50       Batch [       0/3       ] Size       32 TotalTime 0.4086 
Epoch 50       TrainTime 0.3940 TestTime 0.0478
--- TRAIN ---
Epoch 51       Batch [       0/27      ] Size       32 TotalTime 0.0150 
Epoch 51       TrainTime 0.4420 
--- TRAIN ---
Epoch 52       Batch [       0/27      ] Size       32 TotalTime 0.0148 
Epoch 52       TrainTime 0.3944 
--- TRAIN ---
Epoch 53       Batch [       0/27      ] Size       32 TotalTime 0.0149 
Epoch 53       TrainTime 0.3941 
--- TRAIN ---
Epoch 54       Batch [       0/27      ] Size       32 TotalTime 0.0149 
Epoch 54       TrainTime 0.3937 
--- TRAIN ---
Epoch 55       Batch [       0/27      ] Size       32 TotalTime 0.0134 
Epoch 55       TrainTime 0.3937 
--- TRAIN ---
Epoch 56       Batch [       0/27      ] Size       32 TotalTime 0.0148 
Epoch 56       TrainTime 0.3939 
--- TRAIN ---
Epoch 57       Batch [       0/27      ] Size       32 TotalTime 0.0134 
Epoch 57       TrainTime 0.3936 
--- TRAIN ---
Epoch 58       Batch [       0/27      ] Size       32 TotalTime 0.0149 
Epoch 58       TrainTime 0.3938 
--- TRAIN ---
Epoch 59       Batch [       0/27      ] Size       32 TotalTime 0.0134 
Epoch 59       TrainTime 0.3944 
--- TRAIN ---
Epoch 60       Batch [       0/27      ] Size       32 TotalTime 0.0149 
--- TEST ---
Epoch 60       Batch [       0/3       ] Size       32 TotalTime 0.4084 
Epoch 60       TrainTime 0.3940 TestTime 0.0477
--- TRAIN ---
Epoch 61       Batch [       0/27      ] Size       32 TotalTime 0.0150 
Epoch 61       TrainTime 0.4422 
--- TRAIN ---
Epoch 62       Batch [       0/27      ] Size       32 TotalTime 0.0134 
Epoch 62       TrainTime 0.3942 
--- TRAIN ---
Epoch 63       Batch [       0/27      ] Size       32 TotalTime 0.0134 
Epoch 63       TrainTime 0.3943 
--- TRAIN ---
Epoch 64       Batch [       0/27      ] Size       32 TotalTime 0.0149 
Epoch 64       TrainTime 0.3937 
--- TRAIN ---
Epoch 65       Batch [       0/27      ] Size       32 TotalTime 0.0135 
Epoch 65       TrainTime 0.3943 
--- TRAIN ---
Epoch 66       Batch [       0/27      ] Size       32 TotalTime 0.0149 
Epoch 66       TrainTime 0.3942 
--- TRAIN ---
Epoch 67       Batch [       0/27      ] Size       32 TotalTime 0.0149 
Epoch 67       TrainTime 0.3941 
--- TRAIN ---
Epoch 68       Batch [       0/27      ] Size       32 TotalTime 0.0135 
Epoch 68       TrainTime 0.3937 
--- TRAIN ---
Epoch 69       Batch [       0/27      ] Size       32 TotalTime 0.0135 
Epoch 69       TrainTime 0.3943 
--- TRAIN ---
Epoch 70       Batch [       0/27      ] Size       32 TotalTime 0.0135 
--- TEST ---
Epoch 70       Batch [       0/3       ] Size       32 TotalTime 0.4091 
Epoch 70       TrainTime 0.3942 TestTime 0.0477
--- TRAIN ---
Epoch 71       Batch [       0/27      ] Size       32 TotalTime 0.0149 
Epoch 71       TrainTime 0.4395 
--- TRAIN ---
Epoch 72       Batch [       0/27      ] Size       32 TotalTime 0.0149 
Epoch 72       TrainTime 0.3938 
--- TRAIN ---
Epoch 73       Batch [       0/27      ] Size       32 TotalTime 0.0147 
Epoch 73       TrainTime 0.3938 
--- TRAIN ---
Epoch 74       Batch [       0/27      ] Size       32 TotalTime 0.0134 
Epoch 74       TrainTime 0.3949 
--- TRAIN ---
Epoch 75       Batch [       0/27      ] Size       32 TotalTime 0.0135 
Epoch 75       TrainTime 0.3939 
--- TRAIN ---
Epoch 76       Batch [       0/27      ] Size       32 TotalTime 0.0134 
Epoch 76       TrainTime 0.3935 
--- TRAIN ---
Epoch 77       Batch [       0/27      ] Size       32 TotalTime 0.0149 
Epoch 77       TrainTime 0.3959 
--- TRAIN ---
Epoch 78       Batch [       0/27      ] Size       32 TotalTime 0.0139 
Epoch 78       TrainTime 0.4028 
--- TRAIN ---
Epoch 79       Batch [       0/27      ] Size       32 TotalTime 0.0150 
Epoch 79       TrainTime 0.4013 
--- TRAIN ---
Epoch 80       Batch [       0/27      ] Size       32 TotalTime 0.0137 
--- TEST ---
Epoch 80       Batch [       0/3       ] Size       32 TotalTime 0.4108 
Epoch 80       TrainTime 0.3957 TestTime 0.0477
--- TRAIN ---
Epoch 81       Batch [       0/27      ] Size       32 TotalTime 0.0137 
Epoch 81       TrainTime 0.4326 
--- TRAIN ---
Epoch 82       Batch [       0/27      ] Size       32 TotalTime 0.0149 
Epoch 82       TrainTime 0.3941 
--- TRAIN ---
Epoch 83       Batch [       0/27      ] Size       32 TotalTime 0.0148 
Epoch 83       TrainTime 0.3935 
--- TRAIN ---
Epoch 84       Batch [       0/27      ] Size       32 TotalTime 0.0134 
Epoch 84       TrainTime 0.3942 
--- TRAIN ---
Epoch 85       Batch [       0/27      ] Size       32 TotalTime 0.0149 
Epoch 85       TrainTime 0.3940 
--- TRAIN ---
Epoch 86       Batch [       0/27      ] Size       32 TotalTime 0.0148 
Epoch 86       TrainTime 0.3939 
--- TRAIN ---
Epoch 87       Batch [       0/27      ] Size       32 TotalTime 0.0135 
Epoch 87       TrainTime 0.3941 
--- TRAIN ---
Epoch 88       Batch [       0/27      ] Size       32 TotalTime 0.0148 
Epoch 88       TrainTime 0.3937 
--- TRAIN ---
Epoch 89       Batch [       0/27      ] Size       32 TotalTime 0.0148 
Epoch 89       TrainTime 0.3939 
--- TRAIN ---
Epoch 90       Batch [       0/27      ] Size       32 TotalTime 0.0148 
--- TEST ---
Epoch 90       Batch [       0/3       ] Size       32 TotalTime 0.4082 
Epoch 90       TrainTime 0.3938 TestTime 0.0476
--- TRAIN ---
Epoch 91       Batch [       0/27      ] Size       32 TotalTime 0.0134 
Epoch 91       TrainTime 0.4318 
--- TRAIN ---
Epoch 92       Batch [       0/27      ] Size       32 TotalTime 0.0149 
Epoch 92       TrainTime 0.3939 
--- TRAIN ---
Epoch 93       Batch [       0/27      ] Size       32 TotalTime 0.0135 
Epoch 93       TrainTime 0.3943 
--- TRAIN ---
Epoch 94       Batch [       0/27      ] Size       32 TotalTime 0.0149 
Epoch 94       TrainTime 0.3937 
--- TRAIN ---
Epoch 95       Batch [       0/27      ] Size       32 TotalTime 0.0135 
Epoch 95       TrainTime 0.3937 
--- TRAIN ---
Epoch 96       Batch [       0/27      ] Size       32 TotalTime 0.0134 
Epoch 96       TrainTime 0.3943 
--- TRAIN ---
Epoch 97       Batch [       0/27      ] Size       32 TotalTime 0.0134 
Epoch 97       TrainTime 0.3940 
--- TRAIN ---
Epoch 98       Batch [       0/27      ] Size       32 TotalTime 0.0149 
Epoch 98       TrainTime 0.3938 
--- TRAIN ---
Epoch 99       Batch [       0/27      ] Size       32 TotalTime 0.0135 
Epoch 99       TrainTime 0.3941 
--- TRAIN ---
Epoch 100      Batch [       0/27      ] Size       32 TotalTime 0.0149 
--- TEST ---
Epoch 100      Batch [       0/3       ] Size       32 TotalTime 0.4084 
Epoch 100      TrainTime 0.3940 TestTime 0.0468
--- TRAIN ---
Epoch 101      Batch [       0/27      ] Size       32 TotalTime 0.0149 
Epoch 101      TrainTime 0.4293 
--- TRAIN ---
Epoch 102      Batch [       0/27      ] Size       32 TotalTime 0.0134 
Epoch 102      TrainTime 0.3937 
--- TRAIN ---
Epoch 103      Batch [       0/27      ] Size       32 TotalTime 0.0134 
Epoch 103      TrainTime 0.3936 
--- TRAIN ---
Epoch 104      Batch [       0/27      ] Size       32 TotalTime 0.0147 
Epoch 104      TrainTime 0.3936 
--- TRAIN ---
Epoch 105      Batch [       0/27      ] Size       32 TotalTime 0.0149 
Epoch 105      TrainTime 0.3943 
--- TRAIN ---
Epoch 106      Batch [       0/27      ] Size       32 TotalTime 0.0149 
Epoch 106      TrainTime 0.3938 
--- TRAIN ---
Epoch 107      Batch [       0/27      ] Size       32 TotalTime 0.0135 
Epoch 107      TrainTime 0.3935 
--- TRAIN ---
Epoch 108      Batch [       0/27      ] Size       32 TotalTime 0.0135 
Epoch 108      TrainTime 0.3939 
--- TRAIN ---
Epoch 109      Batch [       0/27      ] Size       32 TotalTime 0.0134 
Epoch 109      TrainTime 0.3942 
--- TRAIN ---
Epoch 110      Batch [       0/27      ] Size       32 TotalTime 0.0148 
--- TEST ---
Epoch 110      Batch [       0/3       ] Size       32 TotalTime 0.4080 
Epoch 110      TrainTime 0.3936 TestTime 0.0469
--- TRAIN ---
Epoch 111      Batch [       0/27      ] Size       32 TotalTime 0.0149 
Epoch 111      TrainTime 0.4346 
--- TRAIN ---
Epoch 112      Batch [       0/27      ] Size       32 TotalTime 0.0149 
Epoch 112      TrainTime 0.3939 
--- TRAIN ---
Epoch 113      Batch [       0/27      ] Size       32 TotalTime 0.0149 
Epoch 113      TrainTime 0.3940 
--- TRAIN ---
Epoch 114      Batch [       0/27      ] Size       32 TotalTime 0.0149 
Epoch 114      TrainTime 0.3941 
--- TRAIN ---
Epoch 115      Batch [       0/27      ] Size       32 TotalTime 0.0134 
Epoch 115      TrainTime 0.3942 
--- TRAIN ---
Epoch 116      Batch [       0/27      ] Size       32 TotalTime 0.0149 
Epoch 116      TrainTime 0.3938 
--- TRAIN ---
Epoch 117      Batch [       0/27      ] Size       32 TotalTime 0.0134 
Epoch 117      TrainTime 0.3938 
--- TRAIN ---
Epoch 118      Batch [       0/27      ] Size       32 TotalTime 0.0149 
Epoch 118      TrainTime 0.3938 
--- TRAIN ---
Epoch 119      Batch [       0/27      ] Size       32 TotalTime 0.0148 
Epoch 119      TrainTime 0.3936 
--- TRAIN ---
Epoch 120      Batch [       0/27      ] Size       32 TotalTime 0.0148 
--- TEST ---
Epoch 120      Batch [       0/3       ] Size       32 TotalTime 0.4080 
Epoch 120      TrainTime 0.3936 TestTime 0.0472
--- TRAIN ---
Epoch 121      Batch [       0/27      ] Size       32 TotalTime 0.0152 
Epoch 121      TrainTime 0.4339 
--- TRAIN ---
Epoch 122      Batch [       0/27      ] Size       32 TotalTime 0.0135 
Epoch 122      TrainTime 0.3941 
--- TRAIN ---
Epoch 123      Batch [       0/27      ] Size       32 TotalTime 0.0135 
Epoch 123      TrainTime 0.3941 
--- TRAIN ---
Epoch 124      Batch [       0/27      ] Size       32 TotalTime 0.0148 
Epoch 124      TrainTime 0.3941 
--- TRAIN ---
Epoch 125      Batch [       0/27      ] Size       32 TotalTime 0.0149 
Epoch 125      TrainTime 0.3942 
--- TRAIN ---
Epoch 126      Batch [       0/27      ] Size       32 TotalTime 0.0135 
Epoch 126      TrainTime 0.3939 
--- TRAIN ---
Epoch 127      Batch [       0/27      ] Size       32 TotalTime 0.0134 
Epoch 127      TrainTime 0.3937 
--- TRAIN ---
Epoch 128      Batch [       0/27      ] Size       32 TotalTime 0.0134 
Epoch 128      TrainTime 0.3940 
--- TRAIN ---
Epoch 129      Batch [       0/27      ] Size       32 TotalTime 0.0135 
Epoch 129      TrainTime 0.3939 
--- TRAIN ---
Epoch 130      Batch [       0/27      ] Size       32 TotalTime 0.0135 
--- TEST ---
Epoch 130      Batch [       0/3       ] Size       32 TotalTime 0.4179 
Epoch 130      TrainTime 0.4028 TestTime 0.0483
--- TRAIN ---
Epoch 131      Batch [       0/27      ] Size       32 TotalTime 0.0137 
Epoch 131      TrainTime 0.4385 
--- TRAIN ---
Epoch 132      Batch [       0/27      ] Size       32 TotalTime 0.0137 
Epoch 132      TrainTime 0.3976 
--- TRAIN ---
Epoch 133      Batch [       0/27      ] Size       32 TotalTime 0.0148 
Epoch 133      TrainTime 0.3938 
--- TRAIN ---
Epoch 134      Batch [       0/27      ] Size       32 TotalTime 0.0148 
Epoch 134      TrainTime 0.3936 
--- TRAIN ---
Epoch 135      Batch [       0/27      ] Size       32 TotalTime 0.0134 
Epoch 135      TrainTime 0.3941 
--- TRAIN ---
Epoch 136      Batch [       0/27      ] Size       32 TotalTime 0.0149 
Epoch 136      TrainTime 0.3954 
--- TRAIN ---
Epoch 137      Batch [       0/27      ] Size       32 TotalTime 0.0135 
Epoch 137      TrainTime 0.3940 
--- TRAIN ---
Epoch 138      Batch [       0/27      ] Size       32 TotalTime 0.0148 
Epoch 138      TrainTime 0.3938 
--- TRAIN ---
Epoch 139      Batch [       0/27      ] Size       32 TotalTime 0.0148 
Epoch 139      TrainTime 0.3935 
--- TRAIN ---
Epoch 140      Batch [       0/27      ] Size       32 TotalTime 0.0149 
--- TEST ---
Epoch 140      Batch [       0/3       ] Size       32 TotalTime 0.4090 
Epoch 140      TrainTime 0.3941 TestTime 0.0481
--- TRAIN ---
Epoch 141      Batch [       0/27      ] Size       32 TotalTime 0.0150 
Epoch 141      TrainTime 0.4324 
--- TRAIN ---
Epoch 142      Batch [       0/27      ] Size       32 TotalTime 0.0135 
Epoch 142      TrainTime 0.3938 
--- TRAIN ---
Epoch 143      Batch [       0/27      ] Size       32 TotalTime 0.0134 
Epoch 143      TrainTime 0.3941 
--- TRAIN ---
Epoch 144      Batch [       0/27      ] Size       32 TotalTime 0.0148 
Epoch 144      TrainTime 0.3938 
--- TRAIN ---
Epoch 145      Batch [       0/27      ] Size       32 TotalTime 0.0134 
Epoch 145      TrainTime 0.3937 
--- TRAIN ---
Epoch 146      Batch [       0/27      ] Size       32 TotalTime 0.0134 
Epoch 146      TrainTime 0.3938 
--- TRAIN ---
Epoch 147      Batch [       0/27      ] Size       32 TotalTime 0.0134 
Epoch 147      TrainTime 0.3941 
--- TRAIN ---
Epoch 148      Batch [       0/27      ] Size       32 TotalTime 0.0135 
Epoch 148      TrainTime 0.3942 
--- TRAIN ---
Epoch 149      Batch [       0/27      ] Size       32 TotalTime 0.0135 
Epoch 149      TrainTime 0.3938 
--- TRAIN ---
Epoch 150      Batch [       0/27      ] Size       32 TotalTime 0.0135 
--- TEST ---
Epoch 150      Batch [       0/3       ] Size       32 TotalTime 0.4081 
Epoch 150      TrainTime 0.3937 TestTime 0.0476
--- TRAIN ---
Epoch 151      Batch [       0/27      ] Size       32 TotalTime 0.0149 
Epoch 151      TrainTime 0.4417 
--- TRAIN ---
Epoch 152      Batch [       0/27      ] Size       32 TotalTime 0.0134 
Epoch 152      TrainTime 0.3942 
--- TRAIN ---
Epoch 153      Batch [       0/27      ] Size       32 TotalTime 0.0149 
Epoch 153      TrainTime 0.3938 
--- TRAIN ---
Epoch 154      Batch [       0/27      ] Size       32 TotalTime 0.0134 
Epoch 154      TrainTime 0.3939 
--- TRAIN ---
Epoch 155      Batch [       0/27      ] Size       32 TotalTime 0.0148 
Epoch 155      TrainTime 0.3938 
--- TRAIN ---
Epoch 156      Batch [       0/27      ] Size       32 TotalTime 0.0148 
Epoch 156      TrainTime 0.3940 
--- TRAIN ---
Epoch 157      Batch [       0/27      ] Size       32 TotalTime 0.0148 
Epoch 157      TrainTime 0.3939 
--- TRAIN ---
Epoch 158      Batch [       0/27      ] Size       32 TotalTime 0.0148 
Epoch 158      TrainTime 0.3938 
--- TRAIN ---
Epoch 159      Batch [       0/27      ] Size       32 TotalTime 0.0134 
Epoch 159      TrainTime 0.3941 
--- TRAIN ---
Epoch 160      Batch [       0/27      ] Size       32 TotalTime 0.0149 
--- TEST ---
Epoch 160      Batch [       0/3       ] Size       32 TotalTime 0.4086 
Epoch 160      TrainTime 0.3942 TestTime 0.0477
--- TRAIN ---
Epoch 161      Batch [       0/27      ] Size       32 TotalTime 0.0150 
Epoch 161      TrainTime 0.4318 
--- TRAIN ---
Epoch 162      Batch [       0/27      ] Size       32 TotalTime 0.0149 
Epoch 162      TrainTime 0.3940 
--- TRAIN ---
Epoch 163      Batch [       0/27      ] Size       32 TotalTime 0.0148 
Epoch 163      TrainTime 0.3939 
--- TRAIN ---
Epoch 164      Batch [       0/27      ] Size       32 TotalTime 0.0149 
Epoch 164      TrainTime 0.3956 
--- TRAIN ---
Epoch 165      Batch [       0/27      ] Size       32 TotalTime 0.0135 
Epoch 165      TrainTime 0.3939 
--- TRAIN ---
Epoch 166      Batch [       0/27      ] Size       32 TotalTime 0.0134 
Epoch 166      TrainTime 0.3936 
--- TRAIN ---
Epoch 167      Batch [       0/27      ] Size       32 TotalTime 0.0134 
Epoch 167      TrainTime 0.3941 
--- TRAIN ---
Epoch 168      Batch [       0/27      ] Size       32 TotalTime 0.0149 
Epoch 168      TrainTime 0.3940 
--- TRAIN ---
Epoch 169      Batch [       0/27      ] Size       32 TotalTime 0.0148 
Epoch 169      TrainTime 0.3937 
--- TRAIN ---
Epoch 170      Batch [       0/27      ] Size       32 TotalTime 0.0148 
--- TEST ---
Epoch 170      Batch [       0/3       ] Size       32 TotalTime 0.4080 
Epoch 170      TrainTime 0.3936 TestTime 0.0473
--- TRAIN ---
Epoch 171      Batch [       0/27      ] Size       32 TotalTime 0.0139 
Epoch 171      TrainTime 0.4322 
--- TRAIN ---
Epoch 172      Batch [       0/27      ] Size       32 TotalTime 0.0134 
Epoch 172      TrainTime 0.3942 
--- TRAIN ---
Epoch 173      Batch [       0/27      ] Size       32 TotalTime 0.0148 
Epoch 173      TrainTime 0.3947 
--- TRAIN ---
Epoch 174      Batch [       0/27      ] Size       32 TotalTime 0.0148 
Epoch 174      TrainTime 0.3951 
--- TRAIN ---
Epoch 175      Batch [       0/27      ] Size       32 TotalTime 0.0149 
Epoch 175      TrainTime 0.3941 
--- TRAIN ---
Epoch 176      Batch [       0/27      ] Size       32 TotalTime 0.0149 
Epoch 176      TrainTime 0.3937 
--- TRAIN ---
Epoch 177      Batch [       0/27      ] Size       32 TotalTime 0.0134 
Epoch 177      TrainTime 0.3943 
--- TRAIN ---
Epoch 178      Batch [       0/27      ] Size       32 TotalTime 0.0134 
Epoch 178      TrainTime 0.3942 
--- TRAIN ---
Epoch 179      Batch [       0/27      ] Size       32 TotalTime 0.0134 
Epoch 179      TrainTime 0.3937 
--- TRAIN ---
Epoch 180      Batch [       0/27      ] Size       32 TotalTime 0.0148 
--- TEST ---
Epoch 180      Batch [       0/3       ] Size       32 TotalTime 0.4083 
Epoch 180      TrainTime 0.3935 TestTime 0.0481
--- TRAIN ---
Epoch 181      Batch [       0/27      ] Size       32 TotalTime 0.0149 
Epoch 181      TrainTime 0.4242 
--- TRAIN ---
Epoch 182      Batch [       0/27      ] Size       32 TotalTime 0.0134 
Epoch 182      TrainTime 0.3939 
--- TRAIN ---
Epoch 183      Batch [       0/27      ] Size       32 TotalTime 0.0148 
Epoch 183      TrainTime 0.3941 
--- TRAIN ---
Epoch 184      Batch [       0/27      ] Size       32 TotalTime 0.0135 
Epoch 184      TrainTime 0.3944 
--- TRAIN ---
Epoch 185      Batch [       0/27      ] Size       32 TotalTime 0.0149 
Epoch 185      TrainTime 0.3941 
--- TRAIN ---
Epoch 186      Batch [       0/27      ] Size       32 TotalTime 0.0135 
Epoch 186      TrainTime 0.3940 
--- TRAIN ---
Epoch 187      Batch [       0/27      ] Size       32 TotalTime 0.0148 
Epoch 187      TrainTime 0.3940 
--- TRAIN ---
Epoch 188      Batch [       0/27      ] Size       32 TotalTime 0.0148 
Epoch 188      TrainTime 0.3942 
--- TRAIN ---
Epoch 189      Batch [       0/27      ] Size       32 TotalTime 0.0134 
Epoch 189      TrainTime 0.3938 
--- TRAIN ---
Epoch 190      Batch [       0/27      ] Size       32 TotalTime 0.0134 
--- TEST ---
Epoch 190      Batch [       0/3       ] Size       32 TotalTime 0.4081 
Epoch 190      TrainTime 0.3937 TestTime 0.0478
--- TRAIN ---
Epoch 191      Batch [       0/27      ] Size       32 TotalTime 0.0150 
Epoch 191      TrainTime 0.4324 
--- TRAIN ---
Epoch 192      Batch [       0/27      ] Size       32 TotalTime 0.0134 
Epoch 192      TrainTime 0.3942 
--- TRAIN ---
Epoch 193      Batch [       0/27      ] Size       32 TotalTime 0.0134 
Epoch 193      TrainTime 0.3948 
--- TRAIN ---
Epoch 194      Batch [       0/27      ] Size       32 TotalTime 0.0135 
Epoch 194      TrainTime 0.3997 
--- TRAIN ---
Epoch 195      Batch [       0/27      ] Size       32 TotalTime 0.0153 
Epoch 195      TrainTime 0.4007 
--- TRAIN ---
Epoch 196      Batch [       0/27      ] Size       32 TotalTime 0.0154 
Epoch 196      TrainTime 0.4083 
--- TRAIN ---
Epoch 197      Batch [       0/27      ] Size       32 TotalTime 0.0148 
Epoch 197      TrainTime 0.3941 
--- TRAIN ---
Epoch 198      Batch [       0/27      ] Size       32 TotalTime 0.0149 
Epoch 198      TrainTime 0.3948 
--- TRAIN ---
Epoch 199      Batch [       0/27      ] Size       32 TotalTime 0.0149 
Epoch 199      TrainTime 0.3944 
TotalTimeCost 81.79s

===== STOP  OPTIMISATION @ 2022-10-16-15_27_16 =====
density.rshifttensor([[0.5506, 1.0720, 1.3722, 2.1456, 2.8883, 4.1339, 5.0020, 5.7499]],
       device='cuda:0')
density.etatensor([[1.1702, 1.6421, 2.2981, 2.1009, 1.4872, 1.3632, 1.3903, 1.4420]],
       device='cuda:0')

TERMINATED NORMALLY
