

===== Genetic Algorithm =====

Target of Global Optimisation is energy


===== register worker =====


===== register generator =====
----- Generator Params -----
type :bulk
number_of_variable_cell_vectors: 3
insertion region
origin   0.0000    0.0000    0.0000
xxxxxx   0.0000    0.0000    0.0000
xxxxxx   0.0000    0.0000    0.0000
xxxxxx   0.0000    0.0000    0.0000
----- Bond Distance Minimum -----
covalent ratio: 0.5
        Cu  
Cu    1.3200
too_far: True, dist_to_slab: False
note: default too far tolerance is 2 times

----- create a new database -----


===== Initial Population Creation =====
start to create initial population
finished creating initial population...
save population 3 to database
save population size 3 into database...
----- create a new tmp_folder -----


===== register operators =====
--- comparator ---
Use comparator InteratomicDistanceComparator.
--- crossover ---
Use crossover CutAndSplicePairing.
--- mutations ---
mutation probability: 1.0
Use mutation StrainMutation with prob 0.0.
Use mutation SoftMutation with prob 1.0.


===== Generation Info =====
current generation number: 0
number of relaxed in current generation: 0
[]
number of unrelaxed in current generation: 3
[2, 3, 4]
end of current generation: False
not converged yet...


===== Initial Population Calculation =====


 ----- start to run structure 2 -----
@@@DriverBasedWorker+run
Use confids as ['cand2']
4bac44e7-3cf3-11ed-94f4-525400708c18-cand2 cand2 is running...


 ----- start to run structure 3 -----
@@@DriverBasedWorker+run
Use confids as ['cand3']
4da1eb82-3cf3-11ed-820a-525400708c18-cand3 cand3 is running...


 ----- start to run structure 4 -----
@@@DriverBasedWorker+run
Use confids as ['cand4']
4fbac4b7-3cf3-11ed-90b9-525400708c18-cand4 cand4 is running...


===== update population =====


===== Optimisation and Reproduction =====
Enough candidates or not finished relaxing current generation...
@@@DriverBasedWorker+inspect
cand2 is finished...
cand3 is finished...
cand4 is finished...
@@@DriverBasedWorker+inspect
@@@DriverBasedWorker+retrieve
*** read-results time:   0.1414 ***
new_frames: 3 9.114117277843777
  add relaxed cand 2
  with raw_score -9.1141
  add relaxed cand 3
  with raw_score -14.1611
  add relaxed cand 4
  with raw_score -14.7872


===== Genetic Algorithm =====

Target of Global Optimisation is energy


===== register worker =====


===== register generator =====
----- Generator Params -----
type :bulk
number_of_variable_cell_vectors: 3
insertion region
origin   0.0000    0.0000    0.0000
xxxxxx   0.0000    0.0000    0.0000
xxxxxx   0.0000    0.0000    0.0000
xxxxxx   0.0000    0.0000    0.0000
----- Bond Distance Minimum -----
covalent ratio: 0.5
        Cu  
Cu    1.3200
too_far: True, dist_to_slab: False
note: default too far tolerance is 2 times

restart the database...


===== register operators =====
--- comparator ---
Use comparator InteratomicDistanceComparator.
--- crossover ---
Use crossover CutAndSplicePairing.
--- mutations ---
mutation probability: 1.0
Use mutation StrainMutation with prob 0.0.
Use mutation SoftMutation with prob 1.0.


===== Generation Info =====
current generation number: 1
number of relaxed in current generation: 0
[]
number of unrelaxed in current generation: 0
[]
end of current generation: True
not converged yet...


===== update population =====

----- End of Generation -----

StrainMutation Scaling Volume: 389.62560914184826
CutAndSplicePairing Scaling Volume: 389.62560914184826


===== Optimisation and Reproduction =====
not enough unrelaxed candidates for generation 1 and try to reproduce...
number before reproduction: 0


 ----- try to reproduce, count 0, failed 0 -----
  generate offspring with pairing: 2 3 
  mutation: soft after 1 attempts...


 ----- start to run structure 11 -----
@@@DriverBasedWorker+run
Use confids as ['cand11']
5b04b9b6-3cf3-11ed-8501-525400708c18-cand11 cand11 is running...


 ----- try to reproduce, count 1, failed 0 -----
  generate offspring with pairing: 2 3 
  mutation: soft after 1 attempts...


 ----- start to run structure 14 -----
@@@DriverBasedWorker+run
Use confids as ['cand14']
5d8d6f22-3cf3-11ed-b793-525400708c18-cand14 cand14 is running...


 ----- try to reproduce, count 2, failed 0 -----
  generate offspring with pairing: 2 3 
  mutation: soft after 1 attempts...


 ----- start to run structure 17 -----
@@@DriverBasedWorker+run
Use confids as ['cand17']
6010440c-3cf3-11ed-bdd7-525400708c18-cand17 cand17 is running...
3 candidates were reproduced in this run...
enough jobs are running for the current generation...
@@@DriverBasedWorker+inspect
cand11 is finished...
cand14 is finished...
cand17 is finished...
@@@DriverBasedWorker+inspect
@@@DriverBasedWorker+retrieve
*** read-results time:   0.1387 ***
new_frames: 3 11.440900541970805
  add relaxed cand 11
  with raw_score -11.4409
  add relaxed cand 14
  with raw_score -8.0990
  add relaxed cand 17
  with raw_score -8.0396


===== Genetic Algorithm =====

Target of Global Optimisation is energy


===== register worker =====


===== register generator =====
----- Generator Params -----
type :bulk
number_of_variable_cell_vectors: 3
insertion region
origin   0.0000    0.0000    0.0000
xxxxxx   0.0000    0.0000    0.0000
xxxxxx   0.0000    0.0000    0.0000
xxxxxx   0.0000    0.0000    0.0000
----- Bond Distance Minimum -----
covalent ratio: 0.5
        Cu  
Cu    1.3200
too_far: True, dist_to_slab: False
note: default too far tolerance is 2 times

restart the database...


===== register operators =====
--- comparator ---
Use comparator InteratomicDistanceComparator.
--- crossover ---
Use crossover CutAndSplicePairing.
--- mutations ---
mutation probability: 1.0
Use mutation StrainMutation with prob 0.0.
Use mutation SoftMutation with prob 1.0.


===== Generation Info =====
current generation number: 2
number of relaxed in current generation: 0
[]
number of unrelaxed in current generation: 0
[]
end of current generation: True
reach maximum generation...
restart the database...
Current generation number: 2
[9.114117277843777, 14.161134062950996, 14.787212117799072]
[8.039559155587954, 8.099028514763758, 11.440900541970805]
