
Start at Wed Sep 28 23:57:11 2022



===== Explore System s1CO+O =====
reading initial structures...
try to use generator...


===== current status: create  =====
AdsorbateGraphGenerator
number of initial structures: 16
@@@DriverBasedWorker+run
Use ordered confids...
f48d7dbd-3f80-11ed-b29a-525400623f77-g0 cand0 is running...
f48d7dbd-3f80-11ed-b29a-525400623f77-g0 cand1 is running...
f48d7dbd-3f80-11ed-b29a-525400623f77-g0 cand2 is running...
f48d7dbd-3f80-11ed-b29a-525400623f77-g0 cand3 is running...
f48d7dbd-3f80-11ed-b29a-525400623f77-g0 cand4 is running...
f48d7dbd-3f80-11ed-b29a-525400623f77-g0 cand5 is running...
f48d7dbd-3f80-11ed-b29a-525400623f77-g0 cand6 is running...
f48d7dbd-3f80-11ed-b29a-525400623f77-g0 cand7 is running...
f48d7dbd-3f80-11ed-b29a-525400623f77-g0 cand8 is running...
f48d7dbd-3f80-11ed-b29a-525400623f77-g0 cand9 is running...
f48d7dbd-3f80-11ed-b29a-525400623f77-g0 cand10 is running...
f48d7dbd-3f80-11ed-b29a-525400623f77-g0 cand11 is running...
f48d7dbd-3f80-11ed-b29a-525400623f77-g0 cand12 is running...
f48d7dbd-3f80-11ed-b29a-525400623f77-g0 cand13 is running...
f48d7dbd-3f80-11ed-b29a-525400623f77-g0 cand14 is running...
f48d7dbd-3f80-11ed-b29a-525400623f77-g0 cand15 is running...
@@@DriverBasedWorker+inspect
g0 is finished...
create status: True
Creation is FINISHED.


===== current status: collect  =====
DirectGenerator
number of initial structures: 16
@@@DriverBasedWorker+inspect
@@@DriverBasedWorker+retrieve
*** read-results time:   0.0680 ***
new_frames: 32 energy of the first: -230.30161
Collect is FINISHED.


===== current status: select  =====
--- Selection ---
@@@ComposedSelector
run selection...
@@@ start subgroup converged @@@
  ncandidates: 0
  @devi-s0
  @dscribe-s1
@@@ start subgroup traj @@@
  ncandidates: 32
  @devi-s0
  @dscribe-s1
composed nframes 32 -> nselected 4
Select is FINISHED.


===== current status: label  =====
Reference worker is not set properly.
