
Start at Thu Sep  1 02:11:56 2022



===== Explore System surf22 =====
reading initial structures...
try to use generator...
number of initial structures: 2
===== current status: create  =====
@@@DriverBasedWorker
Use confids as ['cand0', 'cand1']
Worker-0-g0 cand0 is running...
Worker-0-g0 cand1 is running...
@@@DriverBasedWorker
Use confids as ['cand0', 'cand1']
Worker-1-g0 cand0 is running...
Worker-1-g0 cand1 is running...
@@@DriverBasedWorker
Use confids as ['cand0', 'cand1']
Worker-2-g0 cand0 is running...
Worker-2-g0 cand1 is running...
===== current status: collect  =====
@@@DriverBasedWorker
Worker-0-g0 is finished...
*** read-results time:   0.0061 ***

new_frames: 2 -221.5543213
worker 0 retrieves 2 structures...
@@@DriverBasedWorker
Worker-1-g0 is finished...
*** read-results time:   0.0049 ***

new_frames: 2 -219.2364655
worker 1 retrieves 2 structures...
@@@DriverBasedWorker
Worker-2-g0 is finished...
*** read-results time:   0.0050 ***

new_frames: 2 -223.2027893
worker 2 retrieves 2 structures...
total nframes: 6
===== current status: finished  =====


===== Explore System surf22-fixed =====
reading initial structures...
try to use generator...
number of initial structures: 1
===== current status: create  =====
@@@DriverBasedWorker
Use confids as ['cand0']
Worker-0-cand0 cand0 is running...
@@@DriverBasedWorker
Use confids as ['cand0']
Worker-1-cand0 cand0 is running...
@@@DriverBasedWorker
Use confids as ['cand0']
Worker-2-cand0 cand0 is running...
===== current status: collect  =====
@@@DriverBasedWorker
Worker-0-cand0 is finished...
*** read-results time:   0.0024 ***

new_frames: 1 -108.6063614
worker 0 retrieves 1 structures...
@@@DriverBasedWorker
Worker-1-cand0 is finished...
*** read-results time:   0.0024 ***

new_frames: 1 -108.5019989
worker 1 retrieves 1 structures...
@@@DriverBasedWorker
Worker-2-cand0 is finished...
*** read-results time:   0.0021 ***

new_frames: 1 -108.1266632
worker 2 retrieves 1 structures...
total nframes: 3
===== current status: finished  =====
