===== SUMMARY =====
REANN Package used for fitting energy and tensorial Property v220419B
IS_DISTRIBUTED False
[init] == local rank: 0, global rank: 0 ==


===== DATA STATISTICS =====
convert data to tensor...

--- auto data reader ---
System C1O1Pt16 Batchsize 4
  subsystem: frames.xyz number 484
    ntrain: 432 ntest: 52 ntotal: 484
  Current Dataset -> ntrain: 432 ntest: 52

convert trainset...
convert testset...
neighbour calculation time cost: 3.72
Numbers Train 432 Test 52
Use Default DataLoader
Number of batches at Rank 0: Train 108 Test 13

===== INPUT PARAMS =====
--- Task ---
Start Table: 1

--- Target System ---
TargetSystem(atomic_types=['C', 'O', 'Pt'], max_nneighs=150, cutoff=6.0)
--- Representation ---
Representation(nangular=4, nradial=8, norbit=64, rshift=[], eta=[], orbital_network=NeuronArchitecture(neurons=[64, 32, 16], dropout_probs=[0.0, 0.0], actfun_name='Relu_like', table_norm=False, nblock=1, nrepeat=0), morsepot_base=None)
--- Atomic Network ---
NeuronArchitecture(neurons=[64, 256, 128, 64, 32], dropout_probs=[0.0, 0.0, 0.0, 0.0], actfun_name='Softplus', table_norm=False, nblock=1, nrepeat=1)
--- Dataset Config ---
DatasetConfig(table_coor=0, style='auto', systems=['/users/40247882/repository/GDPy/examples/expedition/online/aqueous/surf22-fixed/train/t0/m0/dataset/C1O1Pt16'], ratio=0.9, batchsize=4, queuesize=64, batchsizes=[4])
--- Learning Config ---
LearningConfig(start_lr=0.001, end_lr=1e-06, decay_factor=0.95, epoch=500, test_epoch=10, print_batch=50, patience_epoch=5, loss_function='atomic', e_ceff=1.0, init_f=5.0, final_f=0.5, re_ceff=0.0, ema_decay=0.99, frozen_params=[])

No params were frozen...
Enable EMA with decay 0.99...

===== START OPTIMISATION @ 2022-09-03-17_15_33 =====
--- TRAIN ---
Epoch 0        Batch [       0/107     ] Size        4 TotalTime 0.1178 
Epoch 0        Batch [      50/107     ] Size        4 TotalTime 5.0820 
Epoch 0        Batch [     100/107     ] Size        4 TotalTime 9.9764 
--- TEST ---
Epoch 0        Batch [       0/12      ] Size        4 TotalTime 10.6966 
Epoch 0        TrainTime 10.6608 TestTime 0.4458
--- TRAIN ---
Epoch 1        Batch [       0/107     ] Size        4 TotalTime 0.1034 
Epoch 1        Batch [      50/107     ] Size        4 TotalTime 5.0072 
Epoch 1        Batch [     100/107     ] Size        4 TotalTime 9.9772 
Epoch 1        TrainTime 10.6626 
--- TRAIN ---
Epoch 2        Batch [       0/107     ] Size        4 TotalTime 0.0934 
Epoch 2        Batch [      50/107     ] Size        4 TotalTime 5.0257 
Epoch 2        Batch [     100/107     ] Size        4 TotalTime 9.9667 
Epoch 2        TrainTime 10.6501 
--- TRAIN ---
Epoch 3        Batch [       0/107     ] Size        4 TotalTime 0.1006 
Epoch 3        Batch [      50/107     ] Size        4 TotalTime 5.0597 
Epoch 3        Batch [     100/107     ] Size        4 TotalTime 9.9854 
Epoch 3        TrainTime 10.6696 
--- TRAIN ---
Epoch 4        Batch [       0/107     ] Size        4 TotalTime 0.1007 
Epoch 4        Batch [      50/107     ] Size        4 TotalTime 4.9850 
Epoch 4        Batch [     100/107     ] Size        4 TotalTime 9.8925 
Epoch 4        TrainTime 10.5807 
--- TRAIN ---
Epoch 5        Batch [       0/107     ] Size        4 TotalTime 0.0947 
Epoch 5        Batch [      50/107     ] Size        4 TotalTime 4.9772 
Epoch 5        Batch [     100/107     ] Size        4 TotalTime 9.9544 
Epoch 5        TrainTime 10.6383 
--- TRAIN ---
Epoch 6        Batch [       0/107     ] Size        4 TotalTime 0.1034 
Epoch 6        Batch [      50/107     ] Size        4 TotalTime 5.0327 
Epoch 6        Batch [     100/107     ] Size        4 TotalTime 9.9454 
Epoch 6        TrainTime 10.6295 
--- TRAIN ---
Epoch 7        Batch [       0/107     ] Size        4 TotalTime 0.0986 
Epoch 7        Batch [      50/107     ] Size        4 TotalTime 5.0444 
Epoch 7        Batch [     100/107     ] Size        4 TotalTime 9.9811 
Epoch 7        TrainTime 10.6709 
--- TRAIN ---
Epoch 8        Batch [       0/107     ] Size        4 TotalTime 0.1000 
Epoch 8        Batch [      50/107     ] Size        4 TotalTime 5.0242 
Epoch 8        Batch [     100/107     ] Size        4 TotalTime 9.8893 
Epoch 8        TrainTime 10.5625 
--- TRAIN ---
Epoch 9        Batch [       0/107     ] Size        4 TotalTime 0.1014 
Epoch 9        Batch [      50/107     ] Size        4 TotalTime 4.9932 
Epoch 9        Batch [     100/107     ] Size        4 TotalTime 9.9119 
Epoch 9        TrainTime 10.5894 
--- TRAIN ---
Epoch 10       Batch [       0/107     ] Size        4 TotalTime 0.1023 
Epoch 10       Batch [      50/107     ] Size        4 TotalTime 5.0305 
Epoch 10       Batch [     100/107     ] Size        4 TotalTime 9.9386 
--- TEST ---
Epoch 10       Batch [       0/12      ] Size        4 TotalTime 10.6448 
Epoch 10       TrainTime 10.6110 TestTime 0.4483
--- TRAIN ---
Epoch 11       Batch [       0/107     ] Size        4 TotalTime 0.1003 
Epoch 11       Batch [      50/107     ] Size        4 TotalTime 5.0164 
Epoch 11       Batch [     100/107     ] Size        4 TotalTime 9.9272 
Epoch 11       TrainTime 10.6097 
--- TRAIN ---
Epoch 12       Batch [       0/107     ] Size        4 TotalTime 0.1003 
Epoch 12       Batch [      50/107     ] Size        4 TotalTime 5.0374 
Epoch 12       Batch [     100/107     ] Size        4 TotalTime 9.9503 
Epoch 12       TrainTime 10.6350 
--- TRAIN ---
Epoch 13       Batch [       0/107     ] Size        4 TotalTime 0.0968 
Epoch 13       Batch [      50/107     ] Size        4 TotalTime 5.0259 
Epoch 13       Batch [     100/107     ] Size        4 TotalTime 9.9582 
Epoch 13       TrainTime 10.6439 
--- TRAIN ---
Epoch 14       Batch [       0/107     ] Size        4 TotalTime 0.0985 
Epoch 14       Batch [      50/107     ] Size        4 TotalTime 5.0146 
Epoch 14       Batch [     100/107     ] Size        4 TotalTime 9.9116 
Epoch 14       TrainTime 10.5986 
--- TRAIN ---
Epoch 15       Batch [       0/107     ] Size        4 TotalTime 0.0979 
Epoch 15       Batch [      50/107     ] Size        4 TotalTime 5.0289 
Epoch 15       Batch [     100/107     ] Size        4 TotalTime 9.9785 
Epoch 15       TrainTime 10.6689 
--- TRAIN ---
Epoch 16       Batch [       0/107     ] Size        4 TotalTime 0.1013 
Epoch 16       Batch [      50/107     ] Size        4 TotalTime 5.0008 
Epoch 16       Batch [     100/107     ] Size        4 TotalTime 9.9236 
Epoch 16       TrainTime 10.6159 
--- TRAIN ---
Epoch 17       Batch [       0/107     ] Size        4 TotalTime 0.0981 
Epoch 17       Batch [      50/107     ] Size        4 TotalTime 4.9941 
Epoch 17       Batch [     100/107     ] Size        4 TotalTime 9.9677 
Epoch 17       TrainTime 10.6567 
--- TRAIN ---
Epoch 18       Batch [       0/107     ] Size        4 TotalTime 0.0935 
Epoch 18       Batch [      50/107     ] Size        4 TotalTime 4.9931 
Epoch 18       Batch [     100/107     ] Size        4 TotalTime 9.9328 
Epoch 18       TrainTime 10.6366 
--- TRAIN ---
Epoch 19       Batch [       0/107     ] Size        4 TotalTime 0.0987 
Epoch 19       Batch [      50/107     ] Size        4 TotalTime 4.9927 
Epoch 19       Batch [     100/107     ] Size        4 TotalTime 9.9289 
Epoch 19       TrainTime 10.6389 
--- TRAIN ---
Epoch 20       Batch [       0/107     ] Size        4 TotalTime 0.0981 
Epoch 20       Batch [      50/107     ] Size        4 TotalTime 5.0590 
Epoch 20       Batch [     100/107     ] Size        4 TotalTime 9.9976 
--- TEST ---
Epoch 20       Batch [       0/12      ] Size        4 TotalTime 10.7153 
Epoch 20       TrainTime 10.6789 TestTime 0.4523
--- TRAIN ---
Epoch 21       Batch [       0/107     ] Size        4 TotalTime 0.0982 
Epoch 21       Batch [      50/107     ] Size        4 TotalTime 5.0351 
Epoch 21       Batch [     100/107     ] Size        4 TotalTime 9.9697 
Epoch 21       TrainTime 10.6622 
--- TRAIN ---
Epoch 22       Batch [       0/107     ] Size        4 TotalTime 0.0996 
Epoch 22       Batch [      50/107     ] Size        4 TotalTime 5.0705 
Epoch 22       Batch [     100/107     ] Size        4 TotalTime 9.9127 
Epoch 22       TrainTime 10.6032 
--- TRAIN ---
Epoch 23       Batch [       0/107     ] Size        4 TotalTime 0.0996 
Epoch 23       Batch [      50/107     ] Size        4 TotalTime 5.0194 
Epoch 23       Batch [     100/107     ] Size        4 TotalTime 9.9687 
Epoch 23       TrainTime 10.6392 
--- TRAIN ---
Epoch 24       Batch [       0/107     ] Size        4 TotalTime 0.0942 
Epoch 24       Batch [      50/107     ] Size        4 TotalTime 5.0393 
Epoch 24       Batch [     100/107     ] Size        4 TotalTime 9.9933 
Epoch 24       TrainTime 10.6883 
--- TRAIN ---
Epoch 25       Batch [       0/107     ] Size        4 TotalTime 0.1010 
Epoch 25       Batch [      50/107     ] Size        4 TotalTime 5.0467 
Epoch 25       Batch [     100/107     ] Size        4 TotalTime 9.9879 
Epoch 25       TrainTime 10.6781 
--- TRAIN ---
Epoch 26       Batch [       0/107     ] Size        4 TotalTime 0.0971 
Epoch 26       Batch [      50/107     ] Size        4 TotalTime 5.0180 
Epoch 26       Batch [     100/107     ] Size        4 TotalTime 9.9542 
Epoch 26       TrainTime 10.6427 
--- TRAIN ---
Epoch 27       Batch [       0/107     ] Size        4 TotalTime 0.0996 
Epoch 27       Batch [      50/107     ] Size        4 TotalTime 5.0477 
Epoch 27       Batch [     100/107     ] Size        4 TotalTime 10.0073 
Epoch 27       TrainTime 10.6987 
--- TRAIN ---
Epoch 28       Batch [       0/107     ] Size        4 TotalTime 0.1030 
Epoch 28       Batch [      50/107     ] Size        4 TotalTime 5.0746 
Epoch 28       Batch [     100/107     ] Size        4 TotalTime 9.9933 
Epoch 28       TrainTime 10.6888 
--- TRAIN ---
Epoch 29       Batch [       0/107     ] Size        4 TotalTime 0.0983 
Epoch 29       Batch [      50/107     ] Size        4 TotalTime 5.0538 
Epoch 29       Batch [     100/107     ] Size        4 TotalTime 9.9961 
Epoch 29       TrainTime 10.6920 
--- TRAIN ---
Epoch 30       Batch [       0/107     ] Size        4 TotalTime 0.1022 
Epoch 30       Batch [      50/107     ] Size        4 TotalTime 5.0446 
Epoch 30       Batch [     100/107     ] Size        4 TotalTime 10.0308 
--- TEST ---
Epoch 30       Batch [       0/12      ] Size        4 TotalTime 10.7762 
Epoch 30       TrainTime 10.7395 TestTime 0.4542
--- TRAIN ---
Epoch 31       Batch [       0/107     ] Size        4 TotalTime 0.1000 
Epoch 31       Batch [      50/107     ] Size        4 TotalTime 5.0495 
Epoch 31       Batch [     100/107     ] Size        4 TotalTime 10.0394 
Epoch 31       TrainTime 10.7367 
--- TRAIN ---
Epoch 32       Batch [       0/107     ] Size        4 TotalTime 0.1001 
Epoch 32       Batch [      50/107     ] Size        4 TotalTime 5.0747 
Epoch 32       Batch [     100/107     ] Size        4 TotalTime 9.9712 
Epoch 32       TrainTime 10.6579 
--- TRAIN ---
Epoch 33       Batch [       0/107     ] Size        4 TotalTime 0.1024 
Epoch 33       Batch [      50/107     ] Size        4 TotalTime 5.0852 
Epoch 33       Batch [     100/107     ] Size        4 TotalTime 9.9737 
Epoch 33       TrainTime 10.6640 
--- TRAIN ---
Epoch 34       Batch [       0/107     ] Size        4 TotalTime 0.1018 
Epoch 34       Batch [      50/107     ] Size        4 TotalTime 5.0127 
Epoch 34       Batch [     100/107     ] Size        4 TotalTime 9.9951 
Epoch 34       TrainTime 10.6917 
--- TRAIN ---
Epoch 35       Batch [       0/107     ] Size        4 TotalTime 0.0919 
Epoch 35       Batch [      50/107     ] Size        4 TotalTime 5.0251 
Epoch 35       Batch [     100/107     ] Size        4 TotalTime 10.0189 
Epoch 35       TrainTime 10.7018 
--- TRAIN ---
Epoch 36       Batch [       0/107     ] Size        4 TotalTime 0.0990 
Epoch 36       Batch [      50/107     ] Size        4 TotalTime 5.0437 
Epoch 36       Batch [     100/107     ] Size        4 TotalTime 9.9697 
Epoch 36       TrainTime 10.6647 
--- TRAIN ---
Epoch 37       Batch [       0/107     ] Size        4 TotalTime 0.0973 
Epoch 37       Batch [      50/107     ] Size        4 TotalTime 5.0454 
Epoch 37       Batch [     100/107     ] Size        4 TotalTime 10.0274 
Epoch 37       TrainTime 10.7270 
--- TRAIN ---
Epoch 38       Batch [       0/107     ] Size        4 TotalTime 0.0996 
Epoch 38       Batch [      50/107     ] Size        4 TotalTime 5.0603 
Epoch 38       Batch [     100/107     ] Size        4 TotalTime 10.0186 
Epoch 38       TrainTime 10.7040 
--- TRAIN ---
Epoch 39       Batch [       0/107     ] Size        4 TotalTime 0.0932 
Epoch 39       Batch [      50/107     ] Size        4 TotalTime 5.0537 
Epoch 39       Batch [     100/107     ] Size        4 TotalTime 10.0138 
Epoch 39       TrainTime 10.7130 
--- TRAIN ---
Epoch 40       Batch [       0/107     ] Size        4 TotalTime 0.1011 
Epoch 40       Batch [      50/107     ] Size        4 TotalTime 5.0353 
Epoch 40       Batch [     100/107     ] Size        4 TotalTime 9.9695 
--- TEST ---
Epoch 40       Batch [       0/12      ] Size        4 TotalTime 10.7032 
Epoch 40       TrainTime 10.6651 TestTime 0.4480
--- TRAIN ---
Epoch 41       Batch [       0/107     ] Size        4 TotalTime 0.1019 
Epoch 41       Batch [      50/107     ] Size        4 TotalTime 5.0307 
Epoch 41       Batch [     100/107     ] Size        4 TotalTime 9.9504 
Epoch 41       TrainTime 10.6384 
--- TRAIN ---
Epoch 42       Batch [       0/107     ] Size        4 TotalTime 0.0967 
Epoch 42       Batch [      50/107     ] Size        4 TotalTime 5.0812 
Epoch 42       Batch [     100/107     ] Size        4 TotalTime 10.0336 
Epoch 42       TrainTime 10.7117 
--- TRAIN ---
Epoch 43       Batch [       0/107     ] Size        4 TotalTime 0.0971 
Epoch 43       Batch [      50/107     ] Size        4 TotalTime 5.0196 
Epoch 43       Batch [     100/107     ] Size        4 TotalTime 9.9563 
Epoch 43       TrainTime 10.6410 
--- TRAIN ---
Epoch 44       Batch [       0/107     ] Size        4 TotalTime 0.0964 
Epoch 44       Batch [      50/107     ] Size        4 TotalTime 5.0205 
Epoch 44       Batch [     100/107     ] Size        4 TotalTime 9.9840 
Epoch 44       TrainTime 10.6754 
--- TRAIN ---
Epoch 45       Batch [       0/107     ] Size        4 TotalTime 0.1021 
Epoch 45       Batch [      50/107     ] Size        4 TotalTime 5.0389 
Epoch 45       Batch [     100/107     ] Size        4 TotalTime 9.9730 
Epoch 45       TrainTime 10.6481 
--- TRAIN ---
Epoch 46       Batch [       0/107     ] Size        4 TotalTime 0.1039 
Epoch 46       Batch [      50/107     ] Size        4 TotalTime 5.0157 
Epoch 46       Batch [     100/107     ] Size        4 TotalTime 9.9486 
Epoch 46       TrainTime 10.6416 
--- TRAIN ---
Epoch 47       Batch [       0/107     ] Size        4 TotalTime 0.0988 
Epoch 47       Batch [      50/107     ] Size        4 TotalTime 5.0609 
Epoch 47       Batch [     100/107     ] Size        4 TotalTime 9.9647 
Epoch 47       TrainTime 10.6585 
--- TRAIN ---
Epoch 48       Batch [       0/107     ] Size        4 TotalTime 0.1010 
Epoch 48       Batch [      50/107     ] Size        4 TotalTime 5.0717 
Epoch 48       Batch [     100/107     ] Size        4 TotalTime 10.0208 
Epoch 48       TrainTime 10.7136 
--- TRAIN ---
Epoch 49       Batch [       0/107     ] Size        4 TotalTime 0.0980 
Epoch 49       Batch [      50/107     ] Size        4 TotalTime 5.0430 
Epoch 49       Batch [     100/107     ] Size        4 TotalTime 10.0123 
Epoch 49       TrainTime 10.7013 
--- TRAIN ---
Epoch 50       Batch [       0/107     ] Size        4 TotalTime 0.0970 
Epoch 50       Batch [      50/107     ] Size        4 TotalTime 5.0684 
Epoch 50       Batch [     100/107     ] Size        4 TotalTime 10.0355 
--- TEST ---
Epoch 50       Batch [       0/12      ] Size        4 TotalTime 10.7612 
Epoch 50       TrainTime 10.7287 TestTime 0.4489
--- TRAIN ---
Epoch 51       Batch [       0/107     ] Size        4 TotalTime 0.1050 
Epoch 51       Batch [      50/107     ] Size        4 TotalTime 5.0238 
Epoch 51       Batch [     100/107     ] Size        4 TotalTime 9.9518 
Epoch 51       TrainTime 10.6412 
--- TRAIN ---
Epoch 52       Batch [       0/107     ] Size        4 TotalTime 0.0996 
Epoch 52       Batch [      50/107     ] Size        4 TotalTime 5.0258 
Epoch 52       Batch [     100/107     ] Size        4 TotalTime 9.9969 
Epoch 52       TrainTime 10.6777 
--- TRAIN ---
Epoch 53       Batch [       0/107     ] Size        4 TotalTime 0.0996 
Epoch 53       Batch [      50/107     ] Size        4 TotalTime 5.0491 
Epoch 53       Batch [     100/107     ] Size        4 TotalTime 9.9796 
Epoch 53       TrainTime 10.6664 
--- TRAIN ---
Epoch 54       Batch [       0/107     ] Size        4 TotalTime 0.0977 
Epoch 54       Batch [      50/107     ] Size        4 TotalTime 5.0390 
Epoch 54       Batch [     100/107     ] Size        4 TotalTime 9.9827 
Epoch 54       TrainTime 10.6741 
--- TRAIN ---
Epoch 55       Batch [       0/107     ] Size        4 TotalTime 0.0975 
Epoch 55       Batch [      50/107     ] Size        4 TotalTime 5.0218 
Epoch 55       Batch [     100/107     ] Size        4 TotalTime 9.9706 
Epoch 55       TrainTime 10.6535 
--- TRAIN ---
Epoch 56       Batch [       0/107     ] Size        4 TotalTime 0.0963 
Epoch 56       Batch [      50/107     ] Size        4 TotalTime 5.0832 
Epoch 56       Batch [     100/107     ] Size        4 TotalTime 10.0623 
Epoch 56       TrainTime 10.7450 
--- TRAIN ---
Epoch 57       Batch [       0/107     ] Size        4 TotalTime 0.0965 
Epoch 57       Batch [      50/107     ] Size        4 TotalTime 4.9952 
Epoch 57       Batch [     100/107     ] Size        4 TotalTime 9.9565 
Epoch 57       TrainTime 10.6653 
--- TRAIN ---
Epoch 58       Batch [       0/107     ] Size        4 TotalTime 0.1005 
Epoch 58       Batch [      50/107     ] Size        4 TotalTime 5.1156 
Epoch 58       Batch [     100/107     ] Size        4 TotalTime 10.0278 
Epoch 58       TrainTime 10.6972 
--- TRAIN ---
Epoch 59       Batch [       0/107     ] Size        4 TotalTime 0.0924 
Epoch 59       Batch [      50/107     ] Size        4 TotalTime 5.0607 
Epoch 59       Batch [     100/107     ] Size        4 TotalTime 10.0170 
Epoch 59       TrainTime 10.7171 
--- TRAIN ---
Epoch 60       Batch [       0/107     ] Size        4 TotalTime 0.1002 
Epoch 60       Batch [      50/107     ] Size        4 TotalTime 5.0629 
Epoch 60       Batch [     100/107     ] Size        4 TotalTime 10.0438 
--- TEST ---
Epoch 60       Batch [       0/12      ] Size        4 TotalTime 10.7693 
Epoch 60       TrainTime 10.7349 TestTime 0.4558
--- TRAIN ---
Epoch 61       Batch [       0/107     ] Size        4 TotalTime 0.1060 
Epoch 61       Batch [      50/107     ] Size        4 TotalTime 5.0289 
Epoch 61       Batch [     100/107     ] Size        4 TotalTime 10.0115 
Epoch 61       TrainTime 10.7194 
--- TRAIN ---
Epoch 62       Batch [       0/107     ] Size        4 TotalTime 0.1014 
Epoch 62       Batch [      50/107     ] Size        4 TotalTime 5.0483 
Epoch 62       Batch [     100/107     ] Size        4 TotalTime 9.9732 
Epoch 62       TrainTime 10.6602 
--- TRAIN ---
Epoch 63       Batch [       0/107     ] Size        4 TotalTime 0.0975 
Epoch 63       Batch [      50/107     ] Size        4 TotalTime 5.0104 
Epoch 63       Batch [     100/107     ] Size        4 TotalTime 9.9540 
Epoch 63       TrainTime 10.6416 
--- TRAIN ---
Epoch 64       Batch [       0/107     ] Size        4 TotalTime 0.1003 
Epoch 64       Batch [      50/107     ] Size        4 TotalTime 5.0313 
Epoch 64       Batch [     100/107     ] Size        4 TotalTime 10.0012 
Epoch 64       TrainTime 10.7016 
--- TRAIN ---
Epoch 65       Batch [       0/107     ] Size        4 TotalTime 0.0998 
Epoch 65       Batch [      50/107     ] Size        4 TotalTime 5.0422 
Epoch 65       Batch [     100/107     ] Size        4 TotalTime 9.9903 
Epoch 65       TrainTime 10.6947 
--- TRAIN ---
Epoch 66       Batch [       0/107     ] Size        4 TotalTime 0.1047 
Epoch 66       Batch [      50/107     ] Size        4 TotalTime 5.0784 
Epoch 66       Batch [     100/107     ] Size        4 TotalTime 10.0180 
Epoch 66       TrainTime 10.7055 
--- TRAIN ---
Epoch 67       Batch [       0/107     ] Size        4 TotalTime 0.1008 
Epoch 67       Batch [      50/107     ] Size        4 TotalTime 5.0515 
Epoch 67       Batch [     100/107     ] Size        4 TotalTime 10.0216 
Epoch 67       TrainTime 10.7067 
--- TRAIN ---
Epoch 68       Batch [       0/107     ] Size        4 TotalTime 0.0999 
Epoch 68       Batch [      50/107     ] Size        4 TotalTime 5.0616 
Epoch 68       Batch [     100/107     ] Size        4 TotalTime 9.9679 
Epoch 68       TrainTime 10.6687 
--- TRAIN ---
Epoch 69       Batch [       0/107     ] Size        4 TotalTime 0.1018 
Epoch 69       Batch [      50/107     ] Size        4 TotalTime 5.0076 
Epoch 69       Batch [     100/107     ] Size        4 TotalTime 9.9780 
Epoch 69       TrainTime 10.6773 
--- TRAIN ---
Epoch 70       Batch [       0/107     ] Size        4 TotalTime 0.1018 
Epoch 70       Batch [      50/107     ] Size        4 TotalTime 5.0423 
Epoch 70       Batch [     100/107     ] Size        4 TotalTime 9.9983 
--- TEST ---
Epoch 70       Batch [       0/12      ] Size        4 TotalTime 10.7211 
Epoch 70       TrainTime 10.6839 TestTime 0.4569
--- TRAIN ---
Epoch 71       Batch [       0/107     ] Size        4 TotalTime 0.1029 
Epoch 71       Batch [      50/107     ] Size        4 TotalTime 5.0982 
Epoch 71       Batch [     100/107     ] Size        4 TotalTime 10.0110 
Epoch 71       TrainTime 10.7239 
--- TRAIN ---
Epoch 72       Batch [       0/107     ] Size        4 TotalTime 0.0984 
Epoch 72       Batch [      50/107     ] Size        4 TotalTime 5.0642 
Epoch 72       Batch [     100/107     ] Size        4 TotalTime 10.0227 
Epoch 72       TrainTime 10.7214 
--- TRAIN ---
Epoch 73       Batch [       0/107     ] Size        4 TotalTime 0.1072 
Epoch 73       Batch [      50/107     ] Size        4 TotalTime 5.0431 
Epoch 73       Batch [     100/107     ] Size        4 TotalTime 9.9965 
Epoch 73       TrainTime 10.6855 
--- TRAIN ---
Epoch 74       Batch [       0/107     ] Size        4 TotalTime 0.1026 
Epoch 74       Batch [      50/107     ] Size        4 TotalTime 5.0979 
Epoch 74       Batch [     100/107     ] Size        4 TotalTime 10.0973 
Epoch 74       TrainTime 10.7889 
--- TRAIN ---
Epoch 75       Batch [       0/107     ] Size        4 TotalTime 0.0981 
Epoch 75       Batch [      50/107     ] Size        4 TotalTime 5.0429 
Epoch 75       Batch [     100/107     ] Size        4 TotalTime 9.9613 
Epoch 75       TrainTime 10.6484 
--- TRAIN ---
Epoch 76       Batch [       0/107     ] Size        4 TotalTime 0.0997 
Epoch 76       Batch [      50/107     ] Size        4 TotalTime 5.0811 
Epoch 76       Batch [     100/107     ] Size        4 TotalTime 10.0511 
Epoch 76       TrainTime 10.7393 
--- TRAIN ---
Epoch 77       Batch [       0/107     ] Size        4 TotalTime 0.0986 
Epoch 77       Batch [      50/107     ] Size        4 TotalTime 5.0583 
Epoch 77       Batch [     100/107     ] Size        4 TotalTime 10.0176 
Epoch 77       TrainTime 10.7255 
--- TRAIN ---
Epoch 78       Batch [       0/107     ] Size        4 TotalTime 0.0978 
Epoch 78       Batch [      50/107     ] Size        4 TotalTime 5.0499 
Epoch 78       Batch [     100/107     ] Size        4 TotalTime 9.9853 
Epoch 78       TrainTime 10.6863 
--- TRAIN ---
Epoch 79       Batch [       0/107     ] Size        4 TotalTime 0.1005 
Epoch 79       Batch [      50/107     ] Size        4 TotalTime 5.0592 
Epoch 79       Batch [     100/107     ] Size        4 TotalTime 9.9836 
Epoch 79       TrainTime 10.6797 
--- TRAIN ---
Epoch 80       Batch [       0/107     ] Size        4 TotalTime 0.1006 
Epoch 80       Batch [      50/107     ] Size        4 TotalTime 5.0598 
Epoch 80       Batch [     100/107     ] Size        4 TotalTime 10.0224 
--- TEST ---
Epoch 80       Batch [       0/12      ] Size        4 TotalTime 10.7465 
Epoch 80       TrainTime 10.7089 TestTime 0.4633
--- TRAIN ---
Epoch 81       Batch [       0/107     ] Size        4 TotalTime 0.0946 
Epoch 81       Batch [      50/107     ] Size        4 TotalTime 5.0715 
Epoch 81       Batch [     100/107     ] Size        4 TotalTime 10.0428 
Epoch 81       TrainTime 10.7419 
--- TRAIN ---
Epoch 82       Batch [       0/107     ] Size        4 TotalTime 0.0984 
Epoch 82       Batch [      50/107     ] Size        4 TotalTime 5.0796 
Epoch 82       Batch [     100/107     ] Size        4 TotalTime 10.0036 
Epoch 82       TrainTime 10.6969 
--- TRAIN ---
Epoch 83       Batch [       0/107     ] Size        4 TotalTime 0.0936 
Epoch 83       Batch [      50/107     ] Size        4 TotalTime 5.0889 
Epoch 83       Batch [     100/107     ] Size        4 TotalTime 10.0119 
Epoch 83       TrainTime 10.7016 
--- TRAIN ---
Epoch 84       Batch [       0/107     ] Size        4 TotalTime 0.0975 
Epoch 84       Batch [      50/107     ] Size        4 TotalTime 5.0312 
Epoch 84       Batch [     100/107     ] Size        4 TotalTime 9.9818 
Epoch 84       TrainTime 10.6713 
--- TRAIN ---
Epoch 85       Batch [       0/107     ] Size        4 TotalTime 0.0993 
Epoch 85       Batch [      50/107     ] Size        4 TotalTime 5.0804 
Epoch 85       Batch [     100/107     ] Size        4 TotalTime 10.0504 
Epoch 85       TrainTime 10.7408 
--- TRAIN ---
Epoch 86       Batch [       0/107     ] Size        4 TotalTime 0.0977 
Epoch 86       Batch [      50/107     ] Size        4 TotalTime 5.0658 
Epoch 86       Batch [     100/107     ] Size        4 TotalTime 10.0415 
Epoch 86       TrainTime 10.7392 
--- TRAIN ---
Epoch 87       Batch [       0/107     ] Size        4 TotalTime 0.0930 
Epoch 87       Batch [      50/107     ] Size        4 TotalTime 5.0544 
Epoch 87       Batch [     100/107     ] Size        4 TotalTime 10.0298 
Epoch 87       TrainTime 10.7137 
--- TRAIN ---
Epoch 88       Batch [       0/107     ] Size        4 TotalTime 0.0996 
Epoch 88       Batch [      50/107     ] Size        4 TotalTime 5.0777 
Epoch 88       Batch [     100/107     ] Size        4 TotalTime 10.0408 
Epoch 88       TrainTime 10.7403 
--- TRAIN ---
Epoch 89       Batch [       0/107     ] Size        4 TotalTime 0.0960 
Epoch 89       Batch [      50/107     ] Size        4 TotalTime 5.0688 
Epoch 89       Batch [     100/107     ] Size        4 TotalTime 10.0309 
Epoch 89       TrainTime 10.7227 
--- TRAIN ---
Epoch 90       Batch [       0/107     ] Size        4 TotalTime 0.0994 
Epoch 90       Batch [      50/107     ] Size        4 TotalTime 5.0260 
Epoch 90       Batch [     100/107     ] Size        4 TotalTime 9.9526 
--- TEST ---
Epoch 90       Batch [       0/12      ] Size        4 TotalTime 10.6936 
Epoch 90       TrainTime 10.6548 TestTime 0.4617
--- TRAIN ---
Epoch 91       Batch [       0/107     ] Size        4 TotalTime 0.0995 
Epoch 91       Batch [      50/107     ] Size        4 TotalTime 5.0781 
Epoch 91       Batch [     100/107     ] Size        4 TotalTime 10.0119 
Epoch 91       TrainTime 10.7062 
--- TRAIN ---
Epoch 92       Batch [       0/107     ] Size        4 TotalTime 0.0986 
Epoch 92       Batch [      50/107     ] Size        4 TotalTime 5.0436 
Epoch 92       Batch [     100/107     ] Size        4 TotalTime 9.9980 
Epoch 92       TrainTime 10.6924 
--- TRAIN ---
Epoch 93       Batch [       0/107     ] Size        4 TotalTime 0.0989 
Epoch 93       Batch [      50/107     ] Size        4 TotalTime 5.0393 
Epoch 93       Batch [     100/107     ] Size        4 TotalTime 9.9984 
Epoch 93       TrainTime 10.6878 
--- TRAIN ---
Epoch 94       Batch [       0/107     ] Size        4 TotalTime 0.1057 
Epoch 94       Batch [      50/107     ] Size        4 TotalTime 5.0497 
Epoch 94       Batch [     100/107     ] Size        4 TotalTime 9.9732 
Epoch 94       TrainTime 10.6627 
--- TRAIN ---
Epoch 95       Batch [       0/107     ] Size        4 TotalTime 0.1008 
Epoch 95       Batch [      50/107     ] Size        4 TotalTime 5.0576 
Epoch 95       Batch [     100/107     ] Size        4 TotalTime 9.9965 
Epoch 95       TrainTime 10.6860 
--- TRAIN ---
Epoch 96       Batch [       0/107     ] Size        4 TotalTime 0.0914 
Epoch 96       Batch [      50/107     ] Size        4 TotalTime 5.0536 
Epoch 96       Batch [     100/107     ] Size        4 TotalTime 9.9917 
Epoch 96       TrainTime 10.6797 
--- TRAIN ---
Epoch 97       Batch [       0/107     ] Size        4 TotalTime 0.0972 
Epoch 97       Batch [      50/107     ] Size        4 TotalTime 5.0954 
Epoch 97       Batch [     100/107     ] Size        4 TotalTime 9.9974 
Epoch 97       TrainTime 10.6914 
--- TRAIN ---
Epoch 98       Batch [       0/107     ] Size        4 TotalTime 0.0997 
Epoch 98       Batch [      50/107     ] Size        4 TotalTime 5.0632 
Epoch 98       Batch [     100/107     ] Size        4 TotalTime 10.0017 
Epoch 98       TrainTime 10.6887 
--- TRAIN ---
Epoch 99       Batch [       0/107     ] Size        4 TotalTime 0.0966 
Epoch 99       Batch [      50/107     ] Size        4 TotalTime 5.0202 
Epoch 99       Batch [     100/107     ] Size        4 TotalTime 10.0146 
Epoch 99       TrainTime 10.7082 
--- TRAIN ---
Epoch 100      Batch [       0/107     ] Size        4 TotalTime 0.1002 
Epoch 100      Batch [      50/107     ] Size        4 TotalTime 5.0952 
Epoch 100      Batch [     100/107     ] Size        4 TotalTime 10.0756 
--- TEST ---
Epoch 100      Batch [       0/12      ] Size        4 TotalTime 10.8063 
Epoch 100      TrainTime 10.7728 TestTime 0.4516
--- TRAIN ---
Epoch 101      Batch [       0/107     ] Size        4 TotalTime 0.1070 
Epoch 101      Batch [      50/107     ] Size        4 TotalTime 5.0907 
Epoch 101      Batch [     100/107     ] Size        4 TotalTime 10.0481 
Epoch 101      TrainTime 10.7396 
--- TRAIN ---
Epoch 102      Batch [       0/107     ] Size        4 TotalTime 0.1013 
Epoch 102      Batch [      50/107     ] Size        4 TotalTime 5.0246 
Epoch 102      Batch [     100/107     ] Size        4 TotalTime 9.9873 
Epoch 102      TrainTime 10.6714 
--- TRAIN ---
Epoch 103      Batch [       0/107     ] Size        4 TotalTime 0.0964 
Epoch 103      Batch [      50/107     ] Size        4 TotalTime 5.0499 
Epoch 103      Batch [     100/107     ] Size        4 TotalTime 10.0241 
Epoch 103      TrainTime 10.7246 
--- TRAIN ---
Epoch 104      Batch [       0/107     ] Size        4 TotalTime 0.1015 
Epoch 104      Batch [      50/107     ] Size        4 TotalTime 5.0515 
Epoch 104      Batch [     100/107     ] Size        4 TotalTime 9.9782 
Epoch 104      TrainTime 10.6778 
--- TRAIN ---
Epoch 105      Batch [       0/107     ] Size        4 TotalTime 0.0969 
Epoch 105      Batch [      50/107     ] Size        4 TotalTime 5.0247 
Epoch 105      Batch [     100/107     ] Size        4 TotalTime 9.9482 
Epoch 105      TrainTime 10.6478 
--- TRAIN ---
Epoch 106      Batch [       0/107     ] Size        4 TotalTime 0.1026 
Epoch 106      Batch [      50/107     ] Size        4 TotalTime 5.0660 
Epoch 106      Batch [     100/107     ] Size        4 TotalTime 10.0094 
Epoch 106      TrainTime 10.7044 
--- TRAIN ---
Epoch 107      Batch [       0/107     ] Size        4 TotalTime 0.0974 
Epoch 107      Batch [      50/107     ] Size        4 TotalTime 5.0503 
Epoch 107      Batch [     100/107     ] Size        4 TotalTime 9.9985 
Epoch 107      TrainTime 10.7012 
--- TRAIN ---
Epoch 108      Batch [       0/107     ] Size        4 TotalTime 0.1031 
Epoch 108      Batch [      50/107     ] Size        4 TotalTime 5.1059 
Epoch 108      Batch [     100/107     ] Size        4 TotalTime 10.0798 
Epoch 108      TrainTime 10.8049 
--- TRAIN ---
Epoch 109      Batch [       0/107     ] Size        4 TotalTime 0.0994 
Epoch 109      Batch [      50/107     ] Size        4 TotalTime 5.0841 
Epoch 109      Batch [     100/107     ] Size        4 TotalTime 10.0595 
Epoch 109      TrainTime 10.7480 
--- TRAIN ---
Epoch 110      Batch [       0/107     ] Size        4 TotalTime 0.1046 
Epoch 110      Batch [      50/107     ] Size        4 TotalTime 5.0803 
Epoch 110      Batch [     100/107     ] Size        4 TotalTime 10.0153 
--- TEST ---
Epoch 110      Batch [       0/12      ] Size        4 TotalTime 10.7614 
Epoch 110      TrainTime 10.7218 TestTime 0.4571
--- TRAIN ---
Epoch 111      Batch [       0/107     ] Size        4 TotalTime 0.1025 
Epoch 111      Batch [      50/107     ] Size        4 TotalTime 5.0683 
Epoch 111      Batch [     100/107     ] Size        4 TotalTime 10.0796 
Epoch 111      TrainTime 10.7594 
--- TRAIN ---
Epoch 112      Batch [       0/107     ] Size        4 TotalTime 0.0949 
Epoch 112      Batch [      50/107     ] Size        4 TotalTime 5.0818 
Epoch 112      Batch [     100/107     ] Size        4 TotalTime 10.0089 
Epoch 112      TrainTime 10.7111 
--- TRAIN ---
Epoch 113      Batch [       0/107     ] Size        4 TotalTime 0.0972 
Epoch 113      Batch [      50/107     ] Size        4 TotalTime 5.0671 
Epoch 113      Batch [     100/107     ] Size        4 TotalTime 9.9816 
Epoch 113      TrainTime 10.6723 
--- TRAIN ---
Epoch 114      Batch [       0/107     ] Size        4 TotalTime 0.0972 
Epoch 114      Batch [      50/107     ] Size        4 TotalTime 5.0528 
Epoch 114      Batch [     100/107     ] Size        4 TotalTime 10.0121 
Epoch 114      TrainTime 10.7132 
--- TRAIN ---
Epoch 115      Batch [       0/107     ] Size        4 TotalTime 0.1054 
Epoch 115      Batch [      50/107     ] Size        4 TotalTime 5.0689 
Epoch 115      Batch [     100/107     ] Size        4 TotalTime 10.0063 
Epoch 115      TrainTime 10.7035 
--- TRAIN ---
Epoch 116      Batch [       0/107     ] Size        4 TotalTime 0.1077 
Epoch 116      Batch [      50/107     ] Size        4 TotalTime 5.0384 
Epoch 116      Batch [     100/107     ] Size        4 TotalTime 9.9950 
Epoch 116      TrainTime 10.6958 
--- TRAIN ---
Epoch 117      Batch [       0/107     ] Size        4 TotalTime 0.1010 
Epoch 117      Batch [      50/107     ] Size        4 TotalTime 5.1118 
Epoch 117      Batch [     100/107     ] Size        4 TotalTime 10.0612 
Epoch 117      TrainTime 10.7505 
--- TRAIN ---
Epoch 118      Batch [       0/107     ] Size        4 TotalTime 0.1011 
Epoch 118      Batch [      50/107     ] Size        4 TotalTime 5.0470 
Epoch 118      Batch [     100/107     ] Size        4 TotalTime 9.9986 
Epoch 118      TrainTime 10.6837 
--- TRAIN ---
Epoch 119      Batch [       0/107     ] Size        4 TotalTime 0.1024 
Epoch 119      Batch [      50/107     ] Size        4 TotalTime 5.0507 
Epoch 119      Batch [     100/107     ] Size        4 TotalTime 9.9964 
Epoch 119      TrainTime 10.6984 
--- TRAIN ---
Epoch 120      Batch [       0/107     ] Size        4 TotalTime 0.1039 
Epoch 120      Batch [      50/107     ] Size        4 TotalTime 5.0593 
Epoch 120      Batch [     100/107     ] Size        4 TotalTime 10.0035 
--- TEST ---
Epoch 120      Batch [       0/12      ] Size        4 TotalTime 10.7396 
Epoch 120      TrainTime 10.7015 TestTime 0.4548
--- TRAIN ---
Epoch 121      Batch [       0/107     ] Size        4 TotalTime 0.0975 
Epoch 121      Batch [      50/107     ] Size        4 TotalTime 5.0804 
Epoch 121      Batch [     100/107     ] Size        4 TotalTime 10.0592 
Epoch 121      TrainTime 10.7506 
--- TRAIN ---
Epoch 122      Batch [       0/107     ] Size        4 TotalTime 0.0958 
Epoch 122      Batch [      50/107     ] Size        4 TotalTime 5.0622 
Epoch 122      Batch [     100/107     ] Size        4 TotalTime 9.9952 
Epoch 122      TrainTime 10.6916 
--- TRAIN ---
Epoch 123      Batch [       0/107     ] Size        4 TotalTime 0.1067 
Epoch 123      Batch [      50/107     ] Size        4 TotalTime 5.0771 
Epoch 123      Batch [     100/107     ] Size        4 TotalTime 10.0440 
Epoch 123      TrainTime 10.7357 
--- TRAIN ---
Epoch 124      Batch [       0/107     ] Size        4 TotalTime 0.0940 
Epoch 124      Batch [      50/107     ] Size        4 TotalTime 5.0649 
Epoch 124      Batch [     100/107     ] Size        4 TotalTime 10.0432 
Epoch 124      TrainTime 10.7366 
--- TRAIN ---
Epoch 125      Batch [       0/107     ] Size        4 TotalTime 0.0995 
Epoch 125      Batch [      50/107     ] Size        4 TotalTime 5.0147 
Epoch 125      Batch [     100/107     ] Size        4 TotalTime 10.0294 
Epoch 125      TrainTime 10.7136 
--- TRAIN ---
Epoch 126      Batch [       0/107     ] Size        4 TotalTime 0.0990 
Epoch 126      Batch [      50/107     ] Size        4 TotalTime 5.0365 
Epoch 126      Batch [     100/107     ] Size        4 TotalTime 10.0239 
Epoch 126      TrainTime 10.7228 
--- TRAIN ---
Epoch 127      Batch [       0/107     ] Size        4 TotalTime 0.0978 
Epoch 127      Batch [      50/107     ] Size        4 TotalTime 5.0444 
Epoch 127      Batch [     100/107     ] Size        4 TotalTime 10.0064 
Epoch 127      TrainTime 10.7022 
--- TRAIN ---
Epoch 128      Batch [       0/107     ] Size        4 TotalTime 0.0962 
Epoch 128      Batch [      50/107     ] Size        4 TotalTime 5.0569 
Epoch 128      Batch [     100/107     ] Size        4 TotalTime 10.0031 
Epoch 128      TrainTime 10.7040 
--- TRAIN ---
Epoch 129      Batch [       0/107     ] Size        4 TotalTime 0.0975 
Epoch 129      Batch [      50/107     ] Size        4 TotalTime 5.0618 
Epoch 129      Batch [     100/107     ] Size        4 TotalTime 10.0101 
Epoch 129      TrainTime 10.7079 
--- TRAIN ---
Epoch 130      Batch [       0/107     ] Size        4 TotalTime 0.0970 
Epoch 130      Batch [      50/107     ] Size        4 TotalTime 4.9876 
Epoch 130      Batch [     100/107     ] Size        4 TotalTime 9.9468 
--- TEST ---
Epoch 130      Batch [       0/12      ] Size        4 TotalTime 10.6756 
Epoch 130      TrainTime 10.6416 TestTime 0.4576
--- TRAIN ---
Epoch 131      Batch [       0/107     ] Size        4 TotalTime 0.1017 
Epoch 131      Batch [      50/107     ] Size        4 TotalTime 5.0544 
Epoch 131      Batch [     100/107     ] Size        4 TotalTime 9.9942 
Epoch 131      TrainTime 10.6976 
--- TRAIN ---
Epoch 132      Batch [       0/107     ] Size        4 TotalTime 0.0964 
Epoch 132      Batch [      50/107     ] Size        4 TotalTime 5.0857 
Epoch 132      Batch [     100/107     ] Size        4 TotalTime 10.0375 
Epoch 132      TrainTime 10.7351 
--- TRAIN ---
Epoch 133      Batch [       0/107     ] Size        4 TotalTime 0.1013 
Epoch 133      Batch [      50/107     ] Size        4 TotalTime 5.0616 
Epoch 133      Batch [     100/107     ] Size        4 TotalTime 9.9671 
Epoch 133      TrainTime 10.6501 
--- TRAIN ---
Epoch 134      Batch [       0/107     ] Size        4 TotalTime 0.0998 
Epoch 134      Batch [      50/107     ] Size        4 TotalTime 5.0567 
Epoch 134      Batch [     100/107     ] Size        4 TotalTime 9.9653 
Epoch 134      TrainTime 10.6615 
--- TRAIN ---
Epoch 135      Batch [       0/107     ] Size        4 TotalTime 0.1046 
Epoch 135      Batch [      50/107     ] Size        4 TotalTime 5.0685 
Epoch 135      Batch [     100/107     ] Size        4 TotalTime 10.0157 
Epoch 135      TrainTime 10.7027 
--- TRAIN ---
Epoch 136      Batch [       0/107     ] Size        4 TotalTime 0.0971 
Epoch 136      Batch [      50/107     ] Size        4 TotalTime 5.0854 
Epoch 136      Batch [     100/107     ] Size        4 TotalTime 10.0111 
Epoch 136      TrainTime 10.7070 
--- TRAIN ---
Epoch 137      Batch [       0/107     ] Size        4 TotalTime 0.0964 
Epoch 137      Batch [      50/107     ] Size        4 TotalTime 5.0225 
Epoch 137      Batch [     100/107     ] Size        4 TotalTime 10.0006 
Epoch 137      TrainTime 10.6858 
--- TRAIN ---
Epoch 138      Batch [       0/107     ] Size        4 TotalTime 0.0986 
Epoch 138      Batch [      50/107     ] Size        4 TotalTime 5.0898 
Epoch 138      Batch [     100/107     ] Size        4 TotalTime 10.0160 
Epoch 138      TrainTime 10.7125 
--- TRAIN ---
Epoch 139      Batch [       0/107     ] Size        4 TotalTime 0.0970 
Epoch 139      Batch [      50/107     ] Size        4 TotalTime 5.0527 
Epoch 139      Batch [     100/107     ] Size        4 TotalTime 9.9732 
Epoch 139      TrainTime 10.6717 
--- TRAIN ---
Epoch 140      Batch [       0/107     ] Size        4 TotalTime 0.0988 
Epoch 140      Batch [      50/107     ] Size        4 TotalTime 5.0572 
Epoch 140      Batch [     100/107     ] Size        4 TotalTime 9.9866 
--- TEST ---
Epoch 140      Batch [       0/12      ] Size        4 TotalTime 10.7379 
Epoch 140      TrainTime 10.7011 TestTime 0.4537
--- TRAIN ---
Epoch 141      Batch [       0/107     ] Size        4 TotalTime 0.1060 
Epoch 141      Batch [      50/107     ] Size        4 TotalTime 5.0448 
Epoch 141      Batch [     100/107     ] Size        4 TotalTime 9.9722 
Epoch 141      TrainTime 10.6590 
--- TRAIN ---
Epoch 142      Batch [       0/107     ] Size        4 TotalTime 0.0923 
Epoch 142      Batch [      50/107     ] Size        4 TotalTime 5.0306 
Epoch 142      Batch [     100/107     ] Size        4 TotalTime 9.9516 
Epoch 142      TrainTime 10.6335 
--- TRAIN ---
Epoch 143      Batch [       0/107     ] Size        4 TotalTime 0.0974 
Epoch 143      Batch [      50/107     ] Size        4 TotalTime 5.0787 
Epoch 143      Batch [     100/107     ] Size        4 TotalTime 10.0212 
Epoch 143      TrainTime 10.7134 
--- TRAIN ---
Epoch 144      Batch [       0/107     ] Size        4 TotalTime 0.0920 
Epoch 144      Batch [      50/107     ] Size        4 TotalTime 5.0258 
Epoch 144      Batch [     100/107     ] Size        4 TotalTime 9.9532 
Epoch 144      TrainTime 10.6471 
--- TRAIN ---
Epoch 145      Batch [       0/107     ] Size        4 TotalTime 0.1012 
Epoch 145      Batch [      50/107     ] Size        4 TotalTime 5.0397 
Epoch 145      Batch [     100/107     ] Size        4 TotalTime 10.0203 
Epoch 145      TrainTime 10.7239 
--- TRAIN ---
Epoch 146      Batch [       0/107     ] Size        4 TotalTime 0.0969 
Epoch 146      Batch [      50/107     ] Size        4 TotalTime 5.0263 
Epoch 146      Batch [     100/107     ] Size        4 TotalTime 9.9229 
Epoch 146      TrainTime 10.6296 
--- TRAIN ---
Epoch 147      Batch [       0/107     ] Size        4 TotalTime 0.1049 
Epoch 147      Batch [      50/107     ] Size        4 TotalTime 5.0326 
Epoch 147      Batch [     100/107     ] Size        4 TotalTime 10.0020 
Epoch 147      TrainTime 10.6985 
--- TRAIN ---
Epoch 148      Batch [       0/107     ] Size        4 TotalTime 0.0986 
Epoch 148      Batch [      50/107     ] Size        4 TotalTime 5.0518 
Epoch 148      Batch [     100/107     ] Size        4 TotalTime 10.0210 
Epoch 148      TrainTime 10.7136 
--- TRAIN ---
Epoch 149      Batch [       0/107     ] Size        4 TotalTime 0.0975 
Epoch 149      Batch [      50/107     ] Size        4 TotalTime 5.0528 
Epoch 149      Batch [     100/107     ] Size        4 TotalTime 10.0796 
Epoch 149      TrainTime 10.7770 
--- TRAIN ---
Epoch 150      Batch [       0/107     ] Size        4 TotalTime 0.1011 
Epoch 150      Batch [      50/107     ] Size        4 TotalTime 5.0838 
Epoch 150      Batch [     100/107     ] Size        4 TotalTime 10.0187 
--- TEST ---
Epoch 150      Batch [       0/12      ] Size        4 TotalTime 10.7466 
Epoch 150      TrainTime 10.7110 TestTime 0.4564
--- TRAIN ---
Epoch 151      Batch [       0/107     ] Size        4 TotalTime 0.0985 
Epoch 151      Batch [      50/107     ] Size        4 TotalTime 5.0568 
Epoch 151      Batch [     100/107     ] Size        4 TotalTime 10.0992 
Epoch 151      TrainTime 10.7923 
--- TRAIN ---
Epoch 152      Batch [       0/107     ] Size        4 TotalTime 0.0957 
Epoch 152      Batch [      50/107     ] Size        4 TotalTime 5.1261 
Epoch 152      Batch [     100/107     ] Size        4 TotalTime 10.1725 
Epoch 152      TrainTime 10.8693 
--- TRAIN ---
Epoch 153      Batch [       0/107     ] Size        4 TotalTime 0.1008 
Epoch 153      Batch [      50/107     ] Size        4 TotalTime 5.1877 
Epoch 153      Batch [     100/107     ] Size        4 TotalTime 10.2299 
Epoch 153      TrainTime 10.9907 
--- TRAIN ---
Epoch 154      Batch [       0/107     ] Size        4 TotalTime 0.1010 
Epoch 154      Batch [      50/107     ] Size        4 TotalTime 5.1786 
Epoch 154      Batch [     100/107     ] Size        4 TotalTime 10.1518 
Epoch 154      TrainTime 10.8590 
--- TRAIN ---
Epoch 155      Batch [       0/107     ] Size        4 TotalTime 0.1007 
Epoch 155      Batch [      50/107     ] Size        4 TotalTime 5.1531 
Epoch 155      Batch [     100/107     ] Size        4 TotalTime 10.1797 
Epoch 155      TrainTime 10.9140 
--- TRAIN ---
Epoch 156      Batch [       0/107     ] Size        4 TotalTime 0.0982 
Epoch 156      Batch [      50/107     ] Size        4 TotalTime 5.0507 
Epoch 156      Batch [     100/107     ] Size        4 TotalTime 10.0980 
Epoch 156      TrainTime 10.8196 
--- TRAIN ---
Epoch 157      Batch [       0/107     ] Size        4 TotalTime 0.1091 
Epoch 157      Batch [      50/107     ] Size        4 TotalTime 5.1736 
Epoch 157      Batch [     100/107     ] Size        4 TotalTime 10.2954 
Epoch 157      TrainTime 11.0192 
--- TRAIN ---
Epoch 158      Batch [       0/107     ] Size        4 TotalTime 0.1039 
Epoch 158      Batch [      50/107     ] Size        4 TotalTime 5.2710 
Epoch 158      Batch [     100/107     ] Size        4 TotalTime 10.4812 
Epoch 158      TrainTime 11.2241 
--- TRAIN ---
Epoch 159      Batch [       0/107     ] Size        4 TotalTime 0.1091 
Epoch 159      Batch [      50/107     ] Size        4 TotalTime 5.1662 
Epoch 159      Batch [     100/107     ] Size        4 TotalTime 10.1764 
Epoch 159      TrainTime 10.8768 
--- TRAIN ---
Epoch 160      Batch [       0/107     ] Size        4 TotalTime 0.0981 
Epoch 160      Batch [      50/107     ] Size        4 TotalTime 5.1408 
Epoch 160      Batch [     100/107     ] Size        4 TotalTime 10.1494 
--- TEST ---
Epoch 160      Batch [       0/12      ] Size        4 TotalTime 10.8803 
Epoch 160      TrainTime 10.8456 TestTime 0.4530
--- TRAIN ---
Epoch 161      Batch [       0/107     ] Size        4 TotalTime 0.1059 
Epoch 161      Batch [      50/107     ] Size        4 TotalTime 5.0531 
Epoch 161      Batch [     100/107     ] Size        4 TotalTime 10.0257 
Epoch 161      TrainTime 10.7101 
--- TRAIN ---
Epoch 162      Batch [       0/107     ] Size        4 TotalTime 0.0985 
Epoch 162      Batch [      50/107     ] Size        4 TotalTime 5.0387 
Epoch 162      Batch [     100/107     ] Size        4 TotalTime 10.0136 
Epoch 162      TrainTime 10.7083 
--- TRAIN ---
Epoch 163      Batch [       0/107     ] Size        4 TotalTime 0.0999 
Epoch 163      Batch [      50/107     ] Size        4 TotalTime 5.0601 
Epoch 163      Batch [     100/107     ] Size        4 TotalTime 10.0159 
Epoch 163      TrainTime 10.6983 
--- TRAIN ---
Epoch 164      Batch [       0/107     ] Size        4 TotalTime 0.1010 
Epoch 164      Batch [      50/107     ] Size        4 TotalTime 5.0414 
Epoch 164      Batch [     100/107     ] Size        4 TotalTime 10.0270 
Epoch 164      TrainTime 10.7092 
--- TRAIN ---
Epoch 165      Batch [       0/107     ] Size        4 TotalTime 0.0979 
Epoch 165      Batch [      50/107     ] Size        4 TotalTime 5.0654 
Epoch 165      Batch [     100/107     ] Size        4 TotalTime 9.9724 
Epoch 165      TrainTime 10.6746 
--- TRAIN ---
Epoch 166      Batch [       0/107     ] Size        4 TotalTime 0.1005 
Epoch 166      Batch [      50/107     ] Size        4 TotalTime 5.0558 
