# epoch       lr            err_trn...    err_tst...    
0             0.001         0.7980    0.3315    1.1164    0.3362   
10            0.001         0.7981    0.3315    1.1166    0.3362   
20            0.001         0.7979    0.3315    1.1166    0.3362   
30            0.001         0.7979    0.3315    1.1166    0.3362   
40            0.001         0.7979    0.3315    1.1166    0.3362   
50            0.001         0.7979    0.3315    1.1166    0.3362   
60            0.001         0.7979    0.3315    1.1165    0.3362   
70            0.00095       0.7979    0.3315    1.1166    0.3362   
80            0.00095       0.7979    0.3315    1.1166    0.3362   
90            0.00095       0.7979    0.3315    1.1166    0.3362   
100           0.00095       0.7979    0.3315    1.1166    0.3362   
110           0.00095       0.7978    0.3315    1.1166    0.3362   
120           0.00095       0.7979    0.3315    1.1166    0.3362   
130           0.0009025     0.7683    0.0883    1.1210    0.2674   
140           0.0009025     0.7591    0.0572    1.1007    0.0569   
150           0.0009025     0.7494    0.0547    1.0954    0.0417   
160           0.0009025     0.7425    0.0465    1.0918    0.0371   
170           0.0009025     0.7384    0.0452    1.0891    0.0334   
180           0.0009025     0.7351    0.0454    1.0877    0.0307   
190           0.0009025     0.7322    0.0385    1.0869    0.0287   
