===== SUMMARY =====
REANN Package used for fitting energy and tensorial Property v220419B
IS_DISTRIBUTED False
[init] == local rank: 0, global rank: 0 ==


===== DATA STATISTICS =====
convert data to tensor...

--- auto data reader ---
System C1O1Pt16 Batchsize 4
  subsystem: frames.xyz number 484
    ntrain: 432 ntest: 52 ntotal: 484
  Current Dataset -> ntrain: 432 ntest: 52

convert trainset...
convert testset...
neighbour calculation time cost: 3.50
Numbers Train 432 Test 52
Use Default DataLoader
Number of batches at Rank 0: Train 108 Test 13

===== INPUT PARAMS =====
--- Task ---
Start Table: 1

--- Target System ---
TargetSystem(atomic_types=['C', 'O', 'Pt'], max_nneighs=150, cutoff=6.0)
--- Representation ---
Representation(nangular=4, nradial=8, norbit=64, rshift=[], eta=[], orbital_network=NeuronArchitecture(neurons=[64, 32, 16], dropout_probs=[0.0, 0.0], actfun_name='Relu_like', table_norm=False, nblock=1, nrepeat=0), morsepot_base=None)
--- Atomic Network ---
NeuronArchitecture(neurons=[64, 256, 128, 64, 32], dropout_probs=[0.0, 0.0, 0.0, 0.0], actfun_name='Softplus', table_norm=False, nblock=1, nrepeat=1)
--- Dataset Config ---
DatasetConfig(table_coor=0, style='auto', systems=['/users/40247882/repository/GDPy/examples/expedition/online/aqueous/surf22-fixed/train/t0/m1/dataset/C1O1Pt16'], ratio=0.9, batchsize=4, queuesize=64, batchsizes=[4])
--- Learning Config ---
LearningConfig(start_lr=0.001, end_lr=1e-06, decay_factor=0.95, epoch=500, test_epoch=10, print_batch=50, patience_epoch=5, loss_function='atomic', e_ceff=1.0, init_f=5.0, final_f=0.5, re_ceff=0.0, ema_decay=0.99, frozen_params=[])

No params were frozen...
Enable EMA with decay 0.99...

===== START OPTIMISATION @ 2022-09-03-17_15_33 =====
--- TRAIN ---
Epoch 0        Batch [       0/107     ] Size        4 TotalTime 0.1044 
Epoch 0        Batch [      50/107     ] Size        4 TotalTime 5.0316 
Epoch 0        Batch [     100/107     ] Size        4 TotalTime 9.9730 
--- TEST ---
Epoch 0        Batch [       0/12      ] Size        4 TotalTime 10.6941 
Epoch 0        TrainTime 10.6581 TestTime 0.4451
--- TRAIN ---
Epoch 1        Batch [       0/107     ] Size        4 TotalTime 0.1008 
Epoch 1        Batch [      50/107     ] Size        4 TotalTime 5.0447 
Epoch 1        Batch [     100/107     ] Size        4 TotalTime 9.9905 
Epoch 1        TrainTime 10.6652 
--- TRAIN ---
Epoch 2        Batch [       0/107     ] Size        4 TotalTime 0.1005 
Epoch 2        Batch [      50/107     ] Size        4 TotalTime 4.9902 
Epoch 2        Batch [     100/107     ] Size        4 TotalTime 9.9150 
Epoch 2        TrainTime 10.6122 
--- TRAIN ---
Epoch 3        Batch [       0/107     ] Size        4 TotalTime 0.0999 
Epoch 3        Batch [      50/107     ] Size        4 TotalTime 5.0564 
Epoch 3        Batch [     100/107     ] Size        4 TotalTime 9.9602 
Epoch 3        TrainTime 10.6433 
--- TRAIN ---
Epoch 4        Batch [       0/107     ] Size        4 TotalTime 0.0959 
Epoch 4        Batch [      50/107     ] Size        4 TotalTime 5.0471 
Epoch 4        Batch [     100/107     ] Size        4 TotalTime 10.0151 
Epoch 4        TrainTime 10.7105 
--- TRAIN ---
Epoch 5        Batch [       0/107     ] Size        4 TotalTime 0.0961 
Epoch 5        Batch [      50/107     ] Size        4 TotalTime 5.0241 
Epoch 5        Batch [     100/107     ] Size        4 TotalTime 9.9227 
Epoch 5        TrainTime 10.6242 
--- TRAIN ---
Epoch 6        Batch [       0/107     ] Size        4 TotalTime 0.0970 
Epoch 6        Batch [      50/107     ] Size        4 TotalTime 5.0097 
Epoch 6        Batch [     100/107     ] Size        4 TotalTime 9.9250 
Epoch 6        TrainTime 10.6261 
--- TRAIN ---
Epoch 7        Batch [       0/107     ] Size        4 TotalTime 0.0974 
Epoch 7        Batch [      50/107     ] Size        4 TotalTime 5.0398 
Epoch 7        Batch [     100/107     ] Size        4 TotalTime 9.9788 
Epoch 7        TrainTime 10.6570 
--- TRAIN ---
Epoch 8        Batch [       0/107     ] Size        4 TotalTime 0.0968 
Epoch 8        Batch [      50/107     ] Size        4 TotalTime 5.0512 
Epoch 8        Batch [     100/107     ] Size        4 TotalTime 9.9462 
Epoch 8        TrainTime 10.6404 
--- TRAIN ---
Epoch 9        Batch [       0/107     ] Size        4 TotalTime 0.0981 
Epoch 9        Batch [      50/107     ] Size        4 TotalTime 5.0163 
Epoch 9        Batch [     100/107     ] Size        4 TotalTime 9.9534 
Epoch 9        TrainTime 10.6375 
--- TRAIN ---
Epoch 10       Batch [       0/107     ] Size        4 TotalTime 0.0957 
Epoch 10       Batch [      50/107     ] Size        4 TotalTime 4.9777 
Epoch 10       Batch [     100/107     ] Size        4 TotalTime 9.8913 
--- TEST ---
Epoch 10       Batch [       0/12      ] Size        4 TotalTime 10.6108 
Epoch 10       TrainTime 10.5763 TestTime 0.4408
--- TRAIN ---
Epoch 11       Batch [       0/107     ] Size        4 TotalTime 0.0914 
Epoch 11       Batch [      50/107     ] Size        4 TotalTime 5.0460 
Epoch 11       Batch [     100/107     ] Size        4 TotalTime 9.9509 
Epoch 11       TrainTime 10.6223 
--- TRAIN ---
Epoch 12       Batch [       0/107     ] Size        4 TotalTime 0.1006 
Epoch 12       Batch [      50/107     ] Size        4 TotalTime 5.0329 
Epoch 12       Batch [     100/107     ] Size        4 TotalTime 9.9841 
Epoch 12       TrainTime 10.6595 
--- TRAIN ---
Epoch 13       Batch [       0/107     ] Size        4 TotalTime 0.0978 
Epoch 13       Batch [      50/107     ] Size        4 TotalTime 5.0227 
Epoch 13       Batch [     100/107     ] Size        4 TotalTime 9.9374 
Epoch 13       TrainTime 10.6309 
--- TRAIN ---
Epoch 14       Batch [       0/107     ] Size        4 TotalTime 0.0963 
Epoch 14       Batch [      50/107     ] Size        4 TotalTime 5.0426 
Epoch 14       Batch [     100/107     ] Size        4 TotalTime 10.0113 
Epoch 14       TrainTime 10.7109 
--- TRAIN ---
Epoch 15       Batch [       0/107     ] Size        4 TotalTime 0.0963 
Epoch 15       Batch [      50/107     ] Size        4 TotalTime 4.9885 
Epoch 15       Batch [     100/107     ] Size        4 TotalTime 9.9382 
Epoch 15       TrainTime 10.6411 
--- TRAIN ---
Epoch 16       Batch [       0/107     ] Size        4 TotalTime 0.1016 
Epoch 16       Batch [      50/107     ] Size        4 TotalTime 5.0234 
Epoch 16       Batch [     100/107     ] Size        4 TotalTime 9.9266 
Epoch 16       TrainTime 10.6265 
--- TRAIN ---
Epoch 17       Batch [       0/107     ] Size        4 TotalTime 0.0955 
Epoch 17       Batch [      50/107     ] Size        4 TotalTime 5.0432 
Epoch 17       Batch [     100/107     ] Size        4 TotalTime 10.0013 
Epoch 17       TrainTime 10.7043 
--- TRAIN ---
Epoch 18       Batch [       0/107     ] Size        4 TotalTime 0.1014 
Epoch 18       Batch [      50/107     ] Size        4 TotalTime 5.0062 
Epoch 18       Batch [     100/107     ] Size        4 TotalTime 9.9717 
Epoch 18       TrainTime 10.6552 
--- TRAIN ---
Epoch 19       Batch [       0/107     ] Size        4 TotalTime 0.0910 
Epoch 19       Batch [      50/107     ] Size        4 TotalTime 4.9993 
Epoch 19       Batch [     100/107     ] Size        4 TotalTime 9.9554 
Epoch 19       TrainTime 10.6512 
--- TRAIN ---
Epoch 20       Batch [       0/107     ] Size        4 TotalTime 0.1007 
Epoch 20       Batch [      50/107     ] Size        4 TotalTime 5.0065 
Epoch 20       Batch [     100/107     ] Size        4 TotalTime 9.9076 
--- TEST ---
Epoch 20       Batch [       0/12      ] Size        4 TotalTime 10.6300 
Epoch 20       TrainTime 10.5940 TestTime 0.4473
--- TRAIN ---
Epoch 21       Batch [       0/107     ] Size        4 TotalTime 0.0991 
Epoch 21       Batch [      50/107     ] Size        4 TotalTime 5.0740 
Epoch 21       Batch [     100/107     ] Size        4 TotalTime 10.0034 
Epoch 21       TrainTime 10.7054 
--- TRAIN ---
Epoch 22       Batch [       0/107     ] Size        4 TotalTime 0.0921 
Epoch 22       Batch [      50/107     ] Size        4 TotalTime 5.0024 
Epoch 22       Batch [     100/107     ] Size        4 TotalTime 9.8948 
Epoch 22       TrainTime 10.5873 
--- TRAIN ---
Epoch 23       Batch [       0/107     ] Size        4 TotalTime 0.1009 
Epoch 23       Batch [      50/107     ] Size        4 TotalTime 5.0331 
Epoch 23       Batch [     100/107     ] Size        4 TotalTime 9.9564 
Epoch 23       TrainTime 10.6548 
--- TRAIN ---
Epoch 24       Batch [       0/107     ] Size        4 TotalTime 0.0992 
Epoch 24       Batch [      50/107     ] Size        4 TotalTime 4.9770 
Epoch 24       Batch [     100/107     ] Size        4 TotalTime 9.9546 
Epoch 24       TrainTime 10.6483 
--- TRAIN ---
Epoch 25       Batch [       0/107     ] Size        4 TotalTime 0.1012 
Epoch 25       Batch [      50/107     ] Size        4 TotalTime 5.0553 
Epoch 25       Batch [     100/107     ] Size        4 TotalTime 10.0036 
Epoch 25       TrainTime 10.6968 
--- TRAIN ---
Epoch 26       Batch [       0/107     ] Size        4 TotalTime 0.1002 
Epoch 26       Batch [      50/107     ] Size        4 TotalTime 4.9986 
Epoch 26       Batch [     100/107     ] Size        4 TotalTime 9.9196 
Epoch 26       TrainTime 10.6115 
--- TRAIN ---
Epoch 27       Batch [       0/107     ] Size        4 TotalTime 0.0994 
Epoch 27       Batch [      50/107     ] Size        4 TotalTime 5.0612 
Epoch 27       Batch [     100/107     ] Size        4 TotalTime 10.0560 
Epoch 27       TrainTime 10.7526 
--- TRAIN ---
Epoch 28       Batch [       0/107     ] Size        4 TotalTime 0.0996 
Epoch 28       Batch [      50/107     ] Size        4 TotalTime 5.0466 
Epoch 28       Batch [     100/107     ] Size        4 TotalTime 9.9823 
Epoch 28       TrainTime 10.6664 
--- TRAIN ---
Epoch 29       Batch [       0/107     ] Size        4 TotalTime 0.0943 
Epoch 29       Batch [      50/107     ] Size        4 TotalTime 5.0686 
Epoch 29       Batch [     100/107     ] Size        4 TotalTime 10.0155 
Epoch 29       TrainTime 10.7107 
--- TRAIN ---
Epoch 30       Batch [       0/107     ] Size        4 TotalTime 0.0958 
Epoch 30       Batch [      50/107     ] Size        4 TotalTime 5.0360 
Epoch 30       Batch [     100/107     ] Size        4 TotalTime 10.0078 
--- TEST ---
Epoch 30       Batch [       0/12      ] Size        4 TotalTime 10.7276 
Epoch 30       TrainTime 10.6925 TestTime 0.4418
--- TRAIN ---
Epoch 31       Batch [       0/107     ] Size        4 TotalTime 0.0988 
Epoch 31       Batch [      50/107     ] Size        4 TotalTime 5.0624 
Epoch 31       Batch [     100/107     ] Size        4 TotalTime 9.9973 
Epoch 31       TrainTime 10.6932 
--- TRAIN ---
Epoch 32       Batch [       0/107     ] Size        4 TotalTime 0.1012 
Epoch 32       Batch [      50/107     ] Size        4 TotalTime 5.0398 
Epoch 32       Batch [     100/107     ] Size        4 TotalTime 10.0078 
Epoch 32       TrainTime 10.6979 
--- TRAIN ---
Epoch 33       Batch [       0/107     ] Size        4 TotalTime 0.1012 
Epoch 33       Batch [      50/107     ] Size        4 TotalTime 5.0289 
Epoch 33       Batch [     100/107     ] Size        4 TotalTime 9.9161 
Epoch 33       TrainTime 10.6185 
--- TRAIN ---
Epoch 34       Batch [       0/107     ] Size        4 TotalTime 0.0985 
Epoch 34       Batch [      50/107     ] Size        4 TotalTime 5.0578 
Epoch 34       Batch [     100/107     ] Size        4 TotalTime 9.9748 
Epoch 34       TrainTime 10.6612 
--- TRAIN ---
Epoch 35       Batch [       0/107     ] Size        4 TotalTime 0.0945 
Epoch 35       Batch [      50/107     ] Size        4 TotalTime 5.0557 
Epoch 35       Batch [     100/107     ] Size        4 TotalTime 10.0821 
Epoch 35       TrainTime 10.7675 
--- TRAIN ---
Epoch 36       Batch [       0/107     ] Size        4 TotalTime 0.0988 
Epoch 36       Batch [      50/107     ] Size        4 TotalTime 5.0176 
Epoch 36       Batch [     100/107     ] Size        4 TotalTime 9.9690 
Epoch 36       TrainTime 10.6454 
--- TRAIN ---
Epoch 37       Batch [       0/107     ] Size        4 TotalTime 0.1025 
Epoch 37       Batch [      50/107     ] Size        4 TotalTime 5.0270 
Epoch 37       Batch [     100/107     ] Size        4 TotalTime 10.0124 
Epoch 37       TrainTime 10.6978 
--- TRAIN ---
Epoch 38       Batch [       0/107     ] Size        4 TotalTime 0.0981 
Epoch 38       Batch [      50/107     ] Size        4 TotalTime 5.0538 
Epoch 38       Batch [     100/107     ] Size        4 TotalTime 9.9768 
Epoch 38       TrainTime 10.6522 
--- TRAIN ---
Epoch 39       Batch [       0/107     ] Size        4 TotalTime 0.0962 
Epoch 39       Batch [      50/107     ] Size        4 TotalTime 5.0620 
Epoch 39       Batch [     100/107     ] Size        4 TotalTime 9.9759 
Epoch 39       TrainTime 10.6713 
--- TRAIN ---
Epoch 40       Batch [       0/107     ] Size        4 TotalTime 0.0960 
Epoch 40       Batch [      50/107     ] Size        4 TotalTime 5.0031 
Epoch 40       Batch [     100/107     ] Size        4 TotalTime 9.9178 
--- TEST ---
Epoch 40       Batch [       0/12      ] Size        4 TotalTime 10.6403 
Epoch 40       TrainTime 10.6050 TestTime 0.4504
--- TRAIN ---
Epoch 41       Batch [       0/107     ] Size        4 TotalTime 0.0998 
Epoch 41       Batch [      50/107     ] Size        4 TotalTime 4.9861 
Epoch 41       Batch [     100/107     ] Size        4 TotalTime 9.9520 
Epoch 41       TrainTime 10.6311 
--- TRAIN ---
Epoch 42       Batch [       0/107     ] Size        4 TotalTime 0.1040 
Epoch 42       Batch [      50/107     ] Size        4 TotalTime 5.0653 
Epoch 42       Batch [     100/107     ] Size        4 TotalTime 10.0134 
Epoch 42       TrainTime 10.6945 
--- TRAIN ---
Epoch 43       Batch [       0/107     ] Size        4 TotalTime 0.1004 
Epoch 43       Batch [      50/107     ] Size        4 TotalTime 5.0230 
Epoch 43       Batch [     100/107     ] Size        4 TotalTime 9.9575 
Epoch 43       TrainTime 10.6526 
--- TRAIN ---
Epoch 44       Batch [       0/107     ] Size        4 TotalTime 0.0976 
Epoch 44       Batch [      50/107     ] Size        4 TotalTime 5.0185 
Epoch 44       Batch [     100/107     ] Size        4 TotalTime 9.9493 
Epoch 44       TrainTime 10.6350 
--- TRAIN ---
Epoch 45       Batch [       0/107     ] Size        4 TotalTime 0.0951 
Epoch 45       Batch [      50/107     ] Size        4 TotalTime 5.0082 
Epoch 45       Batch [     100/107     ] Size        4 TotalTime 9.9410 
Epoch 45       TrainTime 10.6324 
--- TRAIN ---
Epoch 46       Batch [       0/107     ] Size        4 TotalTime 0.1030 
Epoch 46       Batch [      50/107     ] Size        4 TotalTime 5.0396 
Epoch 46       Batch [     100/107     ] Size        4 TotalTime 9.9753 
Epoch 46       TrainTime 10.6615 
--- TRAIN ---
Epoch 47       Batch [       0/107     ] Size        4 TotalTime 0.0978 
Epoch 47       Batch [      50/107     ] Size        4 TotalTime 5.0678 
Epoch 47       Batch [     100/107     ] Size        4 TotalTime 10.0107 
Epoch 47       TrainTime 10.7013 
--- TRAIN ---
Epoch 48       Batch [       0/107     ] Size        4 TotalTime 0.0990 
Epoch 48       Batch [      50/107     ] Size        4 TotalTime 5.0719 
Epoch 48       Batch [     100/107     ] Size        4 TotalTime 10.0228 
Epoch 48       TrainTime 10.7052 
--- TRAIN ---
Epoch 49       Batch [       0/107     ] Size        4 TotalTime 0.0993 
Epoch 49       Batch [      50/107     ] Size        4 TotalTime 5.0206 
Epoch 49       Batch [     100/107     ] Size        4 TotalTime 9.9497 
Epoch 49       TrainTime 10.6322 
--- TRAIN ---
Epoch 50       Batch [       0/107     ] Size        4 TotalTime 0.0998 
Epoch 50       Batch [      50/107     ] Size        4 TotalTime 5.0108 
Epoch 50       Batch [     100/107     ] Size        4 TotalTime 9.9249 
--- TEST ---
Epoch 50       Batch [       0/12      ] Size        4 TotalTime 10.6462 
Epoch 50       TrainTime 10.6142 TestTime 0.4555
--- TRAIN ---
Epoch 51       Batch [       0/107     ] Size        4 TotalTime 0.1067 
Epoch 51       Batch [      50/107     ] Size        4 TotalTime 5.0333 
Epoch 51       Batch [     100/107     ] Size        4 TotalTime 9.9167 
Epoch 51       TrainTime 10.6137 
--- TRAIN ---
Epoch 52       Batch [       0/107     ] Size        4 TotalTime 0.0943 
Epoch 52       Batch [      50/107     ] Size        4 TotalTime 5.0229 
Epoch 52       Batch [     100/107     ] Size        4 TotalTime 9.9704 
Epoch 52       TrainTime 10.6593 
--- TRAIN ---
Epoch 53       Batch [       0/107     ] Size        4 TotalTime 0.0996 
Epoch 53       Batch [      50/107     ] Size        4 TotalTime 5.0610 
Epoch 53       Batch [     100/107     ] Size        4 TotalTime 9.9779 
Epoch 53       TrainTime 10.6707 
--- TRAIN ---
Epoch 54       Batch [       0/107     ] Size        4 TotalTime 0.1019 
Epoch 54       Batch [      50/107     ] Size        4 TotalTime 5.0263 
Epoch 54       Batch [     100/107     ] Size        4 TotalTime 9.9625 
Epoch 54       TrainTime 10.6664 
--- TRAIN ---
Epoch 55       Batch [       0/107     ] Size        4 TotalTime 0.0996 
Epoch 55       Batch [      50/107     ] Size        4 TotalTime 5.0446 
Epoch 55       Batch [     100/107     ] Size        4 TotalTime 9.9882 
Epoch 55       TrainTime 10.6815 
--- TRAIN ---
Epoch 56       Batch [       0/107     ] Size        4 TotalTime 0.0968 
Epoch 56       Batch [      50/107     ] Size        4 TotalTime 5.0593 
Epoch 56       Batch [     100/107     ] Size        4 TotalTime 9.9855 
Epoch 56       TrainTime 10.6850 
--- TRAIN ---
Epoch 57       Batch [       0/107     ] Size        4 TotalTime 0.1034 
Epoch 57       Batch [      50/107     ] Size        4 TotalTime 5.0277 
Epoch 57       Batch [     100/107     ] Size        4 TotalTime 9.9422 
Epoch 57       TrainTime 10.6374 
--- TRAIN ---
Epoch 58       Batch [       0/107     ] Size        4 TotalTime 0.0932 
Epoch 58       Batch [      50/107     ] Size        4 TotalTime 5.0134 
Epoch 58       Batch [     100/107     ] Size        4 TotalTime 9.9510 
Epoch 58       TrainTime 10.6541 
--- TRAIN ---
Epoch 59       Batch [       0/107     ] Size        4 TotalTime 0.1057 
Epoch 59       Batch [      50/107     ] Size        4 TotalTime 5.0622 
Epoch 59       Batch [     100/107     ] Size        4 TotalTime 10.0358 
Epoch 59       TrainTime 10.7243 
--- TRAIN ---
Epoch 60       Batch [       0/107     ] Size        4 TotalTime 0.0937 
Epoch 60       Batch [      50/107     ] Size        4 TotalTime 5.0088 
Epoch 60       Batch [     100/107     ] Size        4 TotalTime 9.9607 
--- TEST ---
Epoch 60       Batch [       0/12      ] Size        4 TotalTime 10.6905 
Epoch 60       TrainTime 10.6537 TestTime 0.5065
--- TRAIN ---
Epoch 61       Batch [       0/107     ] Size        4 TotalTime 0.1085 
Epoch 61       Batch [      50/107     ] Size        4 TotalTime 5.0565 
Epoch 61       Batch [     100/107     ] Size        4 TotalTime 10.0184 
Epoch 61       TrainTime 10.6987 
--- TRAIN ---
Epoch 62       Batch [       0/107     ] Size        4 TotalTime 0.1003 
Epoch 62       Batch [      50/107     ] Size        4 TotalTime 5.0960 
Epoch 62       Batch [     100/107     ] Size        4 TotalTime 10.0165 
Epoch 62       TrainTime 10.7104 
--- TRAIN ---
Epoch 63       Batch [       0/107     ] Size        4 TotalTime 0.1054 
Epoch 63       Batch [      50/107     ] Size        4 TotalTime 5.0350 
Epoch 63       Batch [     100/107     ] Size        4 TotalTime 9.9799 
Epoch 63       TrainTime 10.6670 
--- TRAIN ---
Epoch 64       Batch [       0/107     ] Size        4 TotalTime 0.0976 
Epoch 64       Batch [      50/107     ] Size        4 TotalTime 5.0267 
Epoch 64       Batch [     100/107     ] Size        4 TotalTime 9.9720 
Epoch 64       TrainTime 10.6679 
--- TRAIN ---
Epoch 65       Batch [       0/107     ] Size        4 TotalTime 0.0984 
Epoch 65       Batch [      50/107     ] Size        4 TotalTime 5.0060 
Epoch 65       Batch [     100/107     ] Size        4 TotalTime 9.9152 
Epoch 65       TrainTime 10.6073 
--- TRAIN ---
Epoch 66       Batch [       0/107     ] Size        4 TotalTime 0.1024 
Epoch 66       Batch [      50/107     ] Size        4 TotalTime 5.0478 
Epoch 66       Batch [     100/107     ] Size        4 TotalTime 9.9975 
Epoch 66       TrainTime 10.7001 
--- TRAIN ---
Epoch 67       Batch [       0/107     ] Size        4 TotalTime 0.0973 
Epoch 67       Batch [      50/107     ] Size        4 TotalTime 4.9984 
Epoch 67       Batch [     100/107     ] Size        4 TotalTime 9.9676 
Epoch 67       TrainTime 10.6659 
--- TRAIN ---
Epoch 68       Batch [       0/107     ] Size        4 TotalTime 0.0992 
Epoch 68       Batch [      50/107     ] Size        4 TotalTime 5.0278 
Epoch 68       Batch [     100/107     ] Size        4 TotalTime 9.9693 
Epoch 68       TrainTime 10.6564 
--- TRAIN ---
Epoch 69       Batch [       0/107     ] Size        4 TotalTime 0.1008 
Epoch 69       Batch [      50/107     ] Size        4 TotalTime 5.0175 
Epoch 69       Batch [     100/107     ] Size        4 TotalTime 9.9799 
Epoch 69       TrainTime 10.6774 
--- TRAIN ---
Epoch 70       Batch [       0/107     ] Size        4 TotalTime 0.0974 
Epoch 70       Batch [      50/107     ] Size        4 TotalTime 5.0275 
Epoch 70       Batch [     100/107     ] Size        4 TotalTime 9.9357 
--- TEST ---
Epoch 70       Batch [       0/12      ] Size        4 TotalTime 10.6587 
Epoch 70       TrainTime 10.6210 TestTime 0.4474
--- TRAIN ---
Epoch 71       Batch [       0/107     ] Size        4 TotalTime 0.0986 
Epoch 71       Batch [      50/107     ] Size        4 TotalTime 5.0319 
Epoch 71       Batch [     100/107     ] Size        4 TotalTime 9.9977 
Epoch 71       TrainTime 10.6866 
--- TRAIN ---
Epoch 72       Batch [       0/107     ] Size        4 TotalTime 0.1018 
Epoch 72       Batch [      50/107     ] Size        4 TotalTime 5.1762 
Epoch 72       Batch [     100/107     ] Size        4 TotalTime 10.2423 
Epoch 72       TrainTime 10.9856 
--- TRAIN ---
Epoch 73       Batch [       0/107     ] Size        4 TotalTime 0.1094 
Epoch 73       Batch [      50/107     ] Size        4 TotalTime 5.0779 
Epoch 73       Batch [     100/107     ] Size        4 TotalTime 10.0268 
Epoch 73       TrainTime 10.7179 
--- TRAIN ---
Epoch 74       Batch [       0/107     ] Size        4 TotalTime 0.0904 
Epoch 74       Batch [      50/107     ] Size        4 TotalTime 5.0853 
Epoch 74       Batch [     100/107     ] Size        4 TotalTime 10.0520 
Epoch 74       TrainTime 10.7476 
--- TRAIN ---
Epoch 75       Batch [       0/107     ] Size        4 TotalTime 0.0939 
Epoch 75       Batch [      50/107     ] Size        4 TotalTime 5.0455 
Epoch 75       Batch [     100/107     ] Size        4 TotalTime 10.0349 
Epoch 75       TrainTime 10.7124 
--- TRAIN ---
Epoch 76       Batch [       0/107     ] Size        4 TotalTime 0.1042 
Epoch 76       Batch [      50/107     ] Size        4 TotalTime 5.0605 
Epoch 76       Batch [     100/107     ] Size        4 TotalTime 10.0343 
Epoch 76       TrainTime 10.7195 
--- TRAIN ---
Epoch 77       Batch [       0/107     ] Size        4 TotalTime 0.0979 
Epoch 77       Batch [      50/107     ] Size        4 TotalTime 5.0381 
Epoch 77       Batch [     100/107     ] Size        4 TotalTime 10.0073 
Epoch 77       TrainTime 10.6959 
--- TRAIN ---
Epoch 78       Batch [       0/107     ] Size        4 TotalTime 0.1034 
Epoch 78       Batch [      50/107     ] Size        4 TotalTime 5.0289 
Epoch 78       Batch [     100/107     ] Size        4 TotalTime 9.9713 
Epoch 78       TrainTime 10.6739 
--- TRAIN ---
Epoch 79       Batch [       0/107     ] Size        4 TotalTime 0.1013 
Epoch 79       Batch [      50/107     ] Size        4 TotalTime 5.0344 
Epoch 79       Batch [     100/107     ] Size        4 TotalTime 9.9441 
Epoch 79       TrainTime 10.6451 
--- TRAIN ---
Epoch 80       Batch [       0/107     ] Size        4 TotalTime 0.0973 
Epoch 80       Batch [      50/107     ] Size        4 TotalTime 5.0431 
Epoch 80       Batch [     100/107     ] Size        4 TotalTime 9.9804 
--- TEST ---
Epoch 80       Batch [       0/12      ] Size        4 TotalTime 10.7024 
Epoch 80       TrainTime 10.6696 TestTime 0.4467
--- TRAIN ---
Epoch 81       Batch [       0/107     ] Size        4 TotalTime 0.0951 
Epoch 81       Batch [      50/107     ] Size        4 TotalTime 5.0355 
Epoch 81       Batch [     100/107     ] Size        4 TotalTime 9.9926 
Epoch 81       TrainTime 10.6768 
--- TRAIN ---
Epoch 82       Batch [       0/107     ] Size        4 TotalTime 0.0941 
Epoch 82       Batch [      50/107     ] Size        4 TotalTime 5.0039 
Epoch 82       Batch [     100/107     ] Size        4 TotalTime 9.9648 
Epoch 82       TrainTime 10.6756 
--- TRAIN ---
Epoch 83       Batch [       0/107     ] Size        4 TotalTime 0.0974 
Epoch 83       Batch [      50/107     ] Size        4 TotalTime 5.0509 
Epoch 83       Batch [     100/107     ] Size        4 TotalTime 10.0195 
Epoch 83       TrainTime 10.7142 
--- TRAIN ---
Epoch 84       Batch [       0/107     ] Size        4 TotalTime 0.0946 
Epoch 84       Batch [      50/107     ] Size        4 TotalTime 5.0228 
Epoch 84       Batch [     100/107     ] Size        4 TotalTime 9.9302 
Epoch 84       TrainTime 10.6187 
--- TRAIN ---
Epoch 85       Batch [       0/107     ] Size        4 TotalTime 0.0959 
Epoch 85       Batch [      50/107     ] Size        4 TotalTime 5.0379 
Epoch 85       Batch [     100/107     ] Size        4 TotalTime 9.9390 
Epoch 85       TrainTime 10.6250 
--- TRAIN ---
Epoch 86       Batch [       0/107     ] Size        4 TotalTime 0.1008 
Epoch 86       Batch [      50/107     ] Size        4 TotalTime 5.0277 
Epoch 86       Batch [     100/107     ] Size        4 TotalTime 9.9774 
Epoch 86       TrainTime 10.6760 
--- TRAIN ---
Epoch 87       Batch [       0/107     ] Size        4 TotalTime 0.0964 
Epoch 87       Batch [      50/107     ] Size        4 TotalTime 5.0673 
Epoch 87       Batch [     100/107     ] Size        4 TotalTime 10.0417 
Epoch 87       TrainTime 10.7333 
--- TRAIN ---
Epoch 88       Batch [       0/107     ] Size        4 TotalTime 0.0974 
Epoch 88       Batch [      50/107     ] Size        4 TotalTime 5.0530 
Epoch 88       Batch [     100/107     ] Size        4 TotalTime 10.0195 
Epoch 88       TrainTime 10.7056 
--- TRAIN ---
Epoch 89       Batch [       0/107     ] Size        4 TotalTime 0.0995 
Epoch 89       Batch [      50/107     ] Size        4 TotalTime 5.0688 
Epoch 89       Batch [     100/107     ] Size        4 TotalTime 10.0576 
Epoch 89       TrainTime 10.7511 
--- TRAIN ---
Epoch 90       Batch [       0/107     ] Size        4 TotalTime 0.0919 
Epoch 90       Batch [      50/107     ] Size        4 TotalTime 5.0250 
Epoch 90       Batch [     100/107     ] Size        4 TotalTime 10.0442 
--- TEST ---
Epoch 90       Batch [       0/12      ] Size        4 TotalTime 10.7736 
Epoch 90       TrainTime 10.7316 TestTime 0.5119
--- TRAIN ---
Epoch 91       Batch [       0/107     ] Size        4 TotalTime 0.1066 
Epoch 91       Batch [      50/107     ] Size        4 TotalTime 5.0511 
Epoch 91       Batch [     100/107     ] Size        4 TotalTime 9.9848 
Epoch 91       TrainTime 10.6793 
--- TRAIN ---
Epoch 92       Batch [       0/107     ] Size        4 TotalTime 0.0935 
Epoch 92       Batch [      50/107     ] Size        4 TotalTime 5.0427 
Epoch 92       Batch [     100/107     ] Size        4 TotalTime 9.9879 
Epoch 92       TrainTime 10.6798 
--- TRAIN ---
Epoch 93       Batch [       0/107     ] Size        4 TotalTime 0.0993 
Epoch 93       Batch [      50/107     ] Size        4 TotalTime 5.0503 
Epoch 93       Batch [     100/107     ] Size        4 TotalTime 10.0127 
Epoch 93       TrainTime 10.6872 
--- TRAIN ---
Epoch 94       Batch [       0/107     ] Size        4 TotalTime 0.0983 
Epoch 94       Batch [      50/107     ] Size        4 TotalTime 5.0426 
Epoch 94       Batch [     100/107     ] Size        4 TotalTime 9.9339 
Epoch 94       TrainTime 10.6173 
--- TRAIN ---
Epoch 95       Batch [       0/107     ] Size        4 TotalTime 0.0991 
Epoch 95       Batch [      50/107     ] Size        4 TotalTime 5.0491 
Epoch 95       Batch [     100/107     ] Size        4 TotalTime 9.9444 
Epoch 95       TrainTime 10.6348 
--- TRAIN ---
Epoch 96       Batch [       0/107     ] Size        4 TotalTime 0.0987 
Epoch 96       Batch [      50/107     ] Size        4 TotalTime 4.9948 
Epoch 96       Batch [     100/107     ] Size        4 TotalTime 9.9787 
Epoch 96       TrainTime 10.6780 
--- TRAIN ---
Epoch 97       Batch [       0/107     ] Size        4 TotalTime 0.1035 
Epoch 97       Batch [      50/107     ] Size        4 TotalTime 5.0616 
Epoch 97       Batch [     100/107     ] Size        4 TotalTime 9.9858 
Epoch 97       TrainTime 10.6757 
--- TRAIN ---
Epoch 98       Batch [       0/107     ] Size        4 TotalTime 0.0971 
Epoch 98       Batch [      50/107     ] Size        4 TotalTime 5.0156 
Epoch 98       Batch [     100/107     ] Size        4 TotalTime 9.9525 
Epoch 98       TrainTime 10.6386 
--- TRAIN ---
Epoch 99       Batch [       0/107     ] Size        4 TotalTime 0.0989 
Epoch 99       Batch [      50/107     ] Size        4 TotalTime 5.0377 
Epoch 99       Batch [     100/107     ] Size        4 TotalTime 9.9933 
Epoch 99       TrainTime 10.6902 
--- TRAIN ---
Epoch 100      Batch [       0/107     ] Size        4 TotalTime 0.0978 
Epoch 100      Batch [      50/107     ] Size        4 TotalTime 5.0566 
Epoch 100      Batch [     100/107     ] Size        4 TotalTime 9.9909 
--- TEST ---
Epoch 100      Batch [       0/12      ] Size        4 TotalTime 10.7291 
Epoch 100      TrainTime 10.6905 TestTime 0.5047
--- TRAIN ---
Epoch 101      Batch [       0/107     ] Size        4 TotalTime 0.1029 
Epoch 101      Batch [      50/107     ] Size        4 TotalTime 5.0157 
Epoch 101      Batch [     100/107     ] Size        4 TotalTime 9.9635 
Epoch 101      TrainTime 10.6628 
--- TRAIN ---
Epoch 102      Batch [       0/107     ] Size        4 TotalTime 0.1002 
Epoch 102      Batch [      50/107     ] Size        4 TotalTime 5.0278 
Epoch 102      Batch [     100/107     ] Size        4 TotalTime 9.9906 
Epoch 102      TrainTime 10.6946 
--- TRAIN ---
Epoch 103      Batch [       0/107     ] Size        4 TotalTime 0.0986 
Epoch 103      Batch [      50/107     ] Size        4 TotalTime 4.9734 
Epoch 103      Batch [     100/107     ] Size        4 TotalTime 9.9350 
Epoch 103      TrainTime 10.6349 
--- TRAIN ---
Epoch 104      Batch [       0/107     ] Size        4 TotalTime 0.1012 
Epoch 104      Batch [      50/107     ] Size        4 TotalTime 5.0350 
Epoch 104      Batch [     100/107     ] Size        4 TotalTime 9.9346 
Epoch 104      TrainTime 10.6233 
--- TRAIN ---
Epoch 105      Batch [       0/107     ] Size        4 TotalTime 0.0970 
Epoch 105      Batch [      50/107     ] Size        4 TotalTime 5.0651 
Epoch 105      Batch [     100/107     ] Size        4 TotalTime 9.9677 
Epoch 105      TrainTime 10.6639 
--- TRAIN ---
Epoch 106      Batch [       0/107     ] Size        4 TotalTime 0.1030 
Epoch 106      Batch [      50/107     ] Size        4 TotalTime 5.0071 
Epoch 106      Batch [     100/107     ] Size        4 TotalTime 9.9702 
Epoch 106      TrainTime 10.6686 
--- TRAIN ---
Epoch 107      Batch [       0/107     ] Size        4 TotalTime 0.0951 
Epoch 107      Batch [      50/107     ] Size        4 TotalTime 5.0666 
Epoch 107      Batch [     100/107     ] Size        4 TotalTime 10.0288 
Epoch 107      TrainTime 10.7144 
--- TRAIN ---
Epoch 108      Batch [       0/107     ] Size        4 TotalTime 0.0968 
Epoch 108      Batch [      50/107     ] Size        4 TotalTime 5.0272 
Epoch 108      Batch [     100/107     ] Size        4 TotalTime 10.0154 
Epoch 108      TrainTime 10.7150 
--- TRAIN ---
Epoch 109      Batch [       0/107     ] Size        4 TotalTime 0.1028 
Epoch 109      Batch [      50/107     ] Size        4 TotalTime 5.0882 
Epoch 109      Batch [     100/107     ] Size        4 TotalTime 10.0390 
Epoch 109      TrainTime 10.7381 
--- TRAIN ---
Epoch 110      Batch [       0/107     ] Size        4 TotalTime 0.0987 
Epoch 110      Batch [      50/107     ] Size        4 TotalTime 5.0784 
Epoch 110      Batch [     100/107     ] Size        4 TotalTime 10.0402 
--- TEST ---
Epoch 110      Batch [       0/12      ] Size        4 TotalTime 10.7896 
Epoch 110      TrainTime 10.7564 TestTime 0.4476
--- TRAIN ---
Epoch 111      Batch [       0/107     ] Size        4 TotalTime 0.1005 
Epoch 111      Batch [      50/107     ] Size        4 TotalTime 5.0671 
Epoch 111      Batch [     100/107     ] Size        4 TotalTime 10.0275 
Epoch 111      TrainTime 10.7397 
--- TRAIN ---
Epoch 112      Batch [       0/107     ] Size        4 TotalTime 0.1024 
Epoch 112      Batch [      50/107     ] Size        4 TotalTime 5.1160 
Epoch 112      Batch [     100/107     ] Size        4 TotalTime 10.0770 
Epoch 112      TrainTime 10.7662 
--- TRAIN ---
Epoch 113      Batch [       0/107     ] Size        4 TotalTime 0.1002 
Epoch 113      Batch [      50/107     ] Size        4 TotalTime 5.0252 
Epoch 113      Batch [     100/107     ] Size        4 TotalTime 9.9846 
Epoch 113      TrainTime 10.6740 
--- TRAIN ---
Epoch 114      Batch [       0/107     ] Size        4 TotalTime 0.1036 
Epoch 114      Batch [      50/107     ] Size        4 TotalTime 5.0471 
Epoch 114      Batch [     100/107     ] Size        4 TotalTime 10.0377 
Epoch 114      TrainTime 10.7369 
--- TRAIN ---
Epoch 115      Batch [       0/107     ] Size        4 TotalTime 0.0987 
Epoch 115      Batch [      50/107     ] Size        4 TotalTime 5.0455 
Epoch 115      Batch [     100/107     ] Size        4 TotalTime 10.0248 
Epoch 115      TrainTime 10.7194 
--- TRAIN ---
Epoch 116      Batch [       0/107     ] Size        4 TotalTime 0.0992 
Epoch 116      Batch [      50/107     ] Size        4 TotalTime 5.0760 
Epoch 116      Batch [     100/107     ] Size        4 TotalTime 10.0370 
Epoch 116      TrainTime 10.7379 
--- TRAIN ---
Epoch 117      Batch [       0/107     ] Size        4 TotalTime 0.0943 
Epoch 117      Batch [      50/107     ] Size        4 TotalTime 5.0252 
Epoch 117      Batch [     100/107     ] Size        4 TotalTime 10.0028 
Epoch 117      TrainTime 10.7095 
--- TRAIN ---
Epoch 118      Batch [       0/107     ] Size        4 TotalTime 0.0989 
Epoch 118      Batch [      50/107     ] Size        4 TotalTime 5.0775 
Epoch 118      Batch [     100/107     ] Size        4 TotalTime 10.0201 
Epoch 118      TrainTime 10.7217 
--- TRAIN ---
Epoch 119      Batch [       0/107     ] Size        4 TotalTime 0.0987 
Epoch 119      Batch [      50/107     ] Size        4 TotalTime 5.0575 
Epoch 119      Batch [     100/107     ] Size        4 TotalTime 9.9922 
Epoch 119      TrainTime 10.6807 
--- TRAIN ---
Epoch 120      Batch [       0/107     ] Size        4 TotalTime 0.0933 
Epoch 120      Batch [      50/107     ] Size        4 TotalTime 5.0306 
Epoch 120      Batch [     100/107     ] Size        4 TotalTime 9.9996 
--- TEST ---
Epoch 120      Batch [       0/12      ] Size        4 TotalTime 10.7354 
Epoch 120      TrainTime 10.6973 TestTime 0.4683
--- TRAIN ---
Epoch 121      Batch [       0/107     ] Size        4 TotalTime 0.1063 
Epoch 121      Batch [      50/107     ] Size        4 TotalTime 5.0173 
Epoch 121      Batch [     100/107     ] Size        4 TotalTime 9.9874 
Epoch 121      TrainTime 10.6865 
--- TRAIN ---
Epoch 122      Batch [       0/107     ] Size        4 TotalTime 0.0931 
Epoch 122      Batch [      50/107     ] Size        4 TotalTime 5.0323 
Epoch 122      Batch [     100/107     ] Size        4 TotalTime 9.9737 
Epoch 122      TrainTime 10.6760 
--- TRAIN ---
Epoch 123      Batch [       0/107     ] Size        4 TotalTime 0.0989 
Epoch 123      Batch [      50/107     ] Size        4 TotalTime 5.0436 
Epoch 123      Batch [     100/107     ] Size        4 TotalTime 9.9849 
Epoch 123      TrainTime 10.6835 
--- TRAIN ---
Epoch 124      Batch [       0/107     ] Size        4 TotalTime 0.1009 
Epoch 124      Batch [      50/107     ] Size        4 TotalTime 5.0372 
Epoch 124      Batch [     100/107     ] Size        4 TotalTime 9.9832 
Epoch 124      TrainTime 10.6642 
--- TRAIN ---
Epoch 125      Batch [       0/107     ] Size        4 TotalTime 0.1037 
Epoch 125      Batch [      50/107     ] Size        4 TotalTime 5.0492 
Epoch 125      Batch [     100/107     ] Size        4 TotalTime 10.0169 
Epoch 125      TrainTime 10.7017 
--- TRAIN ---
Epoch 126      Batch [       0/107     ] Size        4 TotalTime 0.0992 
Epoch 126      Batch [      50/107     ] Size        4 TotalTime 5.0296 
Epoch 126      Batch [     100/107     ] Size        4 TotalTime 9.9753 
Epoch 126      TrainTime 10.6832 
--- TRAIN ---
Epoch 127      Batch [       0/107     ] Size        4 TotalTime 0.0978 
Epoch 127      Batch [      50/107     ] Size        4 TotalTime 5.0565 
Epoch 127      Batch [     100/107     ] Size        4 TotalTime 9.9858 
Epoch 127      TrainTime 10.6749 
--- TRAIN ---
Epoch 128      Batch [       0/107     ] Size        4 TotalTime 0.1018 
Epoch 128      Batch [      50/107     ] Size        4 TotalTime 5.0573 
Epoch 128      Batch [     100/107     ] Size        4 TotalTime 10.0588 
Epoch 128      TrainTime 10.7443 
--- TRAIN ---
Epoch 129      Batch [       0/107     ] Size        4 TotalTime 0.1021 
Epoch 129      Batch [      50/107     ] Size        4 TotalTime 5.0375 
Epoch 129      Batch [     100/107     ] Size        4 TotalTime 10.0040 
Epoch 129      TrainTime 10.6921 
--- TRAIN ---
Epoch 130      Batch [       0/107     ] Size        4 TotalTime 0.1003 
Epoch 130      Batch [      50/107     ] Size        4 TotalTime 5.0392 
Epoch 130      Batch [     100/107     ] Size        4 TotalTime 9.9891 
--- TEST ---
Epoch 130      Batch [       0/12      ] Size        4 TotalTime 10.7153 
Epoch 130      TrainTime 10.6795 TestTime 0.4506
--- TRAIN ---
Epoch 131      Batch [       0/107     ] Size        4 TotalTime 0.1050 
Epoch 131      Batch [      50/107     ] Size        4 TotalTime 5.0507 
Epoch 131      Batch [     100/107     ] Size        4 TotalTime 10.0181 
Epoch 131      TrainTime 10.7109 
--- TRAIN ---
Epoch 132      Batch [       0/107     ] Size        4 TotalTime 0.0976 
Epoch 132      Batch [      50/107     ] Size        4 TotalTime 4.9801 
Epoch 132      Batch [     100/107     ] Size        4 TotalTime 9.9471 
Epoch 132      TrainTime 10.6472 
--- TRAIN ---
Epoch 133      Batch [       0/107     ] Size        4 TotalTime 0.0998 
Epoch 133      Batch [      50/107     ] Size        4 TotalTime 5.0475 
Epoch 133      Batch [     100/107     ] Size        4 TotalTime 9.9541 
Epoch 133      TrainTime 10.6276 
--- TRAIN ---
Epoch 134      Batch [       0/107     ] Size        4 TotalTime 0.0981 
Epoch 134      Batch [      50/107     ] Size        4 TotalTime 5.0222 
Epoch 134      Batch [     100/107     ] Size        4 TotalTime 9.9429 
Epoch 134      TrainTime 10.6367 
--- TRAIN ---
Epoch 135      Batch [       0/107     ] Size        4 TotalTime 0.1005 
Epoch 135      Batch [      50/107     ] Size        4 TotalTime 5.0497 
Epoch 135      Batch [     100/107     ] Size        4 TotalTime 9.9503 
Epoch 135      TrainTime 10.6369 
--- TRAIN ---
Epoch 136      Batch [       0/107     ] Size        4 TotalTime 0.0976 
Epoch 136      Batch [      50/107     ] Size        4 TotalTime 5.0457 
Epoch 136      Batch [     100/107     ] Size        4 TotalTime 9.9841 
Epoch 136      TrainTime 10.6753 
--- TRAIN ---
Epoch 137      Batch [       0/107     ] Size        4 TotalTime 0.1014 
Epoch 137      Batch [      50/107     ] Size        4 TotalTime 5.0517 
Epoch 137      Batch [     100/107     ] Size        4 TotalTime 10.0054 
Epoch 137      TrainTime 10.7036 
--- TRAIN ---
Epoch 138      Batch [       0/107     ] Size        4 TotalTime 0.0968 
Epoch 138      Batch [      50/107     ] Size        4 TotalTime 5.0458 
Epoch 138      Batch [     100/107     ] Size        4 TotalTime 9.9855 
Epoch 138      TrainTime 10.6576 
--- TRAIN ---
Epoch 139      Batch [       0/107     ] Size        4 TotalTime 0.1025 
Epoch 139      Batch [      50/107     ] Size        4 TotalTime 5.0437 
Epoch 139      Batch [     100/107     ] Size        4 TotalTime 9.9636 
Epoch 139      TrainTime 10.6530 
--- TRAIN ---
Epoch 140      Batch [       0/107     ] Size        4 TotalTime 0.1010 
Epoch 140      Batch [      50/107     ] Size        4 TotalTime 5.0740 
Epoch 140      Batch [     100/107     ] Size        4 TotalTime 9.9826 
--- TEST ---
Epoch 140      Batch [       0/12      ] Size        4 TotalTime 10.7207 
Epoch 140      TrainTime 10.6829 TestTime 0.4486
--- TRAIN ---
Epoch 141      Batch [       0/107     ] Size        4 TotalTime 0.1051 
Epoch 141      Batch [      50/107     ] Size        4 TotalTime 5.0429 
Epoch 141      Batch [     100/107     ] Size        4 TotalTime 10.0076 
Epoch 141      TrainTime 10.7096 
--- TRAIN ---
Epoch 142      Batch [       0/107     ] Size        4 TotalTime 0.1031 
Epoch 142      Batch [      50/107     ] Size        4 TotalTime 5.0811 
Epoch 142      Batch [     100/107     ] Size        4 TotalTime 10.0293 
Epoch 142      TrainTime 10.7193 
--- TRAIN ---
Epoch 143      Batch [       0/107     ] Size        4 TotalTime 0.0980 
Epoch 143      Batch [      50/107     ] Size        4 TotalTime 5.0909 
Epoch 143      Batch [     100/107     ] Size        4 TotalTime 10.0391 
Epoch 143      TrainTime 10.7258 
--- TRAIN ---
Epoch 144      Batch [       0/107     ] Size        4 TotalTime 0.0983 
Epoch 144      Batch [      50/107     ] Size        4 TotalTime 5.0202 
Epoch 144      Batch [     100/107     ] Size        4 TotalTime 9.9946 
Epoch 144      TrainTime 10.6599 
--- TRAIN ---
Epoch 145      Batch [       0/107     ] Size        4 TotalTime 0.0932 
Epoch 145      Batch [      50/107     ] Size        4 TotalTime 5.0561 
Epoch 145      Batch [     100/107     ] Size        4 TotalTime 10.0109 
Epoch 145      TrainTime 10.7040 
--- TRAIN ---
Epoch 146      Batch [       0/107     ] Size        4 TotalTime 0.0981 
Epoch 146      Batch [      50/107     ] Size        4 TotalTime 5.0504 
Epoch 146      Batch [     100/107     ] Size        4 TotalTime 9.9659 
Epoch 146      TrainTime 10.6631 
--- TRAIN ---
Epoch 147      Batch [       0/107     ] Size        4 TotalTime 0.0979 
Epoch 147      Batch [      50/107     ] Size        4 TotalTime 5.0482 
Epoch 147      Batch [     100/107     ] Size        4 TotalTime 10.0006 
Epoch 147      TrainTime 10.7027 
--- TRAIN ---
Epoch 148      Batch [       0/107     ] Size        4 TotalTime 0.0952 
Epoch 148      Batch [      50/107     ] Size        4 TotalTime 5.0521 
Epoch 148      Batch [     100/107     ] Size        4 TotalTime 9.9979 
Epoch 148      TrainTime 10.6896 
--- TRAIN ---
Epoch 149      Batch [       0/107     ] Size        4 TotalTime 0.0972 
Epoch 149      Batch [      50/107     ] Size        4 TotalTime 5.0684 
Epoch 149      Batch [     100/107     ] Size        4 TotalTime 10.0502 
Epoch 149      TrainTime 10.7429 
--- TRAIN ---
Epoch 150      Batch [       0/107     ] Size        4 TotalTime 0.1002 
Epoch 150      Batch [      50/107     ] Size        4 TotalTime 5.1322 
Epoch 150      Batch [     100/107     ] Size        4 TotalTime 10.1017 
--- TEST ---
Epoch 150      Batch [       0/12      ] Size        4 TotalTime 10.8175 
Epoch 150      TrainTime 10.7789 TestTime 0.4384
--- TRAIN ---
Epoch 151      Batch [       0/107     ] Size        4 TotalTime 0.0987 
Epoch 151      Batch [      50/107     ] Size        4 TotalTime 5.0782 
Epoch 151      Batch [     100/107     ] Size        4 TotalTime 10.0130 
Epoch 151      TrainTime 10.7231 
--- TRAIN ---
Epoch 152      Batch [       0/107     ] Size        4 TotalTime 0.0990 
Epoch 152      Batch [      50/107     ] Size        4 TotalTime 5.0522 
Epoch 152      Batch [     100/107     ] Size        4 TotalTime 9.9779 
Epoch 152      TrainTime 10.6484 
--- TRAIN ---
Epoch 153      Batch [       0/107     ] Size        4 TotalTime 0.0984 
Epoch 153      Batch [      50/107     ] Size        4 TotalTime 5.0103 
Epoch 153      Batch [     100/107     ] Size        4 TotalTime 9.9576 
Epoch 153      TrainTime 10.6459 
--- TRAIN ---
Epoch 154      Batch [       0/107     ] Size        4 TotalTime 0.1097 
Epoch 154      Batch [      50/107     ] Size        4 TotalTime 5.0493 
Epoch 154      Batch [     100/107     ] Size        4 TotalTime 9.9362 
Epoch 154      TrainTime 10.6245 
--- TRAIN ---
Epoch 155      Batch [       0/107     ] Size        4 TotalTime 0.0927 
Epoch 155      Batch [      50/107     ] Size        4 TotalTime 5.0147 
Epoch 155      Batch [     100/107     ] Size        4 TotalTime 9.9428 
Epoch 155      TrainTime 10.6443 
--- TRAIN ---
Epoch 156      Batch [       0/107     ] Size        4 TotalTime 0.0984 
Epoch 156      Batch [      50/107     ] Size        4 TotalTime 5.0202 
Epoch 156      Batch [     100/107     ] Size        4 TotalTime 9.9654 
Epoch 156      TrainTime 10.6570 
--- TRAIN ---
Epoch 157      Batch [       0/107     ] Size        4 TotalTime 0.1005 
Epoch 157      Batch [      50/107     ] Size        4 TotalTime 5.0204 
Epoch 157      Batch [     100/107     ] Size        4 TotalTime 10.0801 
Epoch 157      TrainTime 10.7825 
--- TRAIN ---
Epoch 158      Batch [       0/107     ] Size        4 TotalTime 0.1029 
Epoch 158      Batch [      50/107     ] Size        4 TotalTime 5.1705 
Epoch 158      Batch [     100/107     ] Size        4 TotalTime 10.2180 
Epoch 158      TrainTime 10.9395 
--- TRAIN ---
Epoch 159      Batch [       0/107     ] Size        4 TotalTime 0.1017 
Epoch 159      Batch [      50/107     ] Size        4 TotalTime 5.1018 
Epoch 159      Batch [     100/107     ] Size        4 TotalTime 10.0336 
Epoch 159      TrainTime 10.7143 
--- TRAIN ---
Epoch 160      Batch [       0/107     ] Size        4 TotalTime 0.0959 
Epoch 160      Batch [      50/107     ] Size        4 TotalTime 5.0252 
Epoch 160      Batch [     100/107     ] Size        4 TotalTime 9.9451 
--- TEST ---
Epoch 160      Batch [       0/12      ] Size        4 TotalTime 10.6740 
Epoch 160      TrainTime 10.6384 TestTime 0.4460
--- TRAIN ---
Epoch 161      Batch [       0/107     ] Size        4 TotalTime 0.0949 
Epoch 161      Batch [      50/107     ] Size        4 TotalTime 5.0161 
Epoch 161      Batch [     100/107     ] Size        4 TotalTime 9.9525 
Epoch 161      TrainTime 10.6508 
--- TRAIN ---
Epoch 162      Batch [       0/107     ] Size        4 TotalTime 0.1017 
Epoch 162      Batch [      50/107     ] Size        4 TotalTime 5.0918 
Epoch 162      Batch [     100/107     ] Size        4 TotalTime 10.0193 
Epoch 162      TrainTime 10.7081 
--- TRAIN ---
Epoch 163      Batch [       0/107     ] Size        4 TotalTime 0.0966 
Epoch 163      Batch [      50/107     ] Size        4 TotalTime 5.0132 
Epoch 163      Batch [     100/107     ] Size        4 TotalTime 10.0252 
Epoch 163      TrainTime 10.7004 
--- TRAIN ---
Epoch 164      Batch [       0/107     ] Size        4 TotalTime 0.0965 
Epoch 164      Batch [      50/107     ] Size        4 TotalTime 5.0208 
Epoch 164      Batch [     100/107     ] Size        4 TotalTime 9.9859 
Epoch 164      TrainTime 10.6803 
--- TRAIN ---
Epoch 165      Batch [       0/107     ] Size        4 TotalTime 0.0957 
Epoch 165      Batch [      50/107     ] Size        4 TotalTime 5.0576 
Epoch 165      Batch [     100/107     ] Size        4 TotalTime 9.9838 
Epoch 165      TrainTime 10.6674 
--- TRAIN ---
Epoch 166      Batch [       0/107     ] Size        4 TotalTime 0.0980 
Epoch 166      Batch [      50/107     ] Size        4 TotalTime 5.0489 
Epoch 166      Batch [     100/107     ] Size        4 TotalTime 9.9731 
Epoch 166      TrainTime 10.6584 
--- TRAIN ---
Epoch 167      Batch [       0/107     ] Size        4 TotalTime 0.0975 
